\BOOKMARK [0][-]{section*.3}{\376\377\000R\000o\000z\000d\000z\000i\000a\001\102\000\040\0001\000.\000\040\000W\000p\000r\000o\000w\000a\000d\000z\000e\000n\000i\000e}{}% 1
\BOOKMARK [1][-]{section*.4}{\376\377\0001\000.\0001\000.\000\040\000C\000e\000l\000\040\000i\000\040\000z\000a\001\102\000o\001\174\000e\000n\000i\000a\000\040\000p\000r\000o\000j\000e\000k\000t\000u}{section*.3}% 2
\BOOKMARK [1][-]{section*.5}{\376\377\0001\000.\0002\000.\000\040\000P\000o\000d\000z\000i\000a\001\102\000\040\000p\000r\000a\000c\000y\000\040\000i\000n\001\174\000y\000n\000i\000e\000r\000s\000k\000i\000e\000j}{section*.3}% 3
\BOOKMARK [1][-]{section*.6}{\376\377\0001\000.\0003\000.\000\040\000O\000p\000i\000s\000\040\000T\000e\000c\000h\000n\000o\000l\000o\000g\000i\000i}{section*.3}% 4
\BOOKMARK [0][-]{section*.7}{\376\377\000R\000o\000z\000d\000z\000i\000a\001\102\000\040\0002\000.\000\040\000I\000m\000p\000l\000e\000m\000e\000n\000t\000a\000c\000j\000a\000\040\000R\000E\000S\000T\000\040\000A\000P\000I\000\040\000z\000\040\000w\000y\000k\000o\000r\000z\000y\000s\000t\000a\000n\000i\000e\000m\000\040\000f\000r\000a\000m\000e\000w\000o\000r\000k\000a\000\040\000D\000j\000a\000n\000g\000o\000\040\000R\000E\000S\000T}{}% 5
\BOOKMARK [1][-]{section*.8}{\376\377\0002\000.\0001\000.\000\040\000W\000s\000t\001\031\000p}{section*.7}% 6
\BOOKMARK [2][-]{section*.9}{\376\377\0002\000.\0001\000.\0001\000.\000\040\000H\000T\000T\000P}{section*.8}% 7
\BOOKMARK [2][-]{section*.10}{\376\377\0002\000.\0001\000.\0002\000.\000\040\000H\000T\000T\000P\000\040\000R\000e\000q\000u\000e\000s\000t}{section*.8}% 8
\BOOKMARK [2][-]{section*.11}{\376\377\0002\000.\0001\000.\0003\000.\000\040\000M\000e\000t\000o\000d\000y\000\040\000H\000T\000T\000P}{section*.8}% 9
\BOOKMARK [2][-]{section*.12}{\376\377\0002\000.\0001\000.\0004\000.\000\040\000C\000z\000y\000m\000\040\000w\000\040\000z\000a\000s\000a\000d\000z\000i\000e\000\040\000j\000e\000s\000t\000\040\000A\000P\000I\000\040\000?}{section*.8}% 10
\BOOKMARK [2][-]{section*.14}{\376\377\0002\000.\0001\000.\0005\000.\000\040\000C\000o\000\040\000t\000o\000\040\000j\000e\000s\000t\000\040\000U\000R\000I\000\040\000?}{section*.8}% 11
\BOOKMARK [2][-]{section*.16}{\376\377\0002\000.\0001\000.\0006\000.\000\040\000E\000n\000d\000p\000o\000i\000n\000t\000s}{section*.8}% 12
\BOOKMARK [1][-]{section*.17}{\376\377\0002\000.\0002\000.\000\040\000R\000E\000S\000T\000\040\000o\000r\000a\000z\000\040\000R\000E\000S\000T\000\040\000A\000P\000I}{section*.7}% 13
\BOOKMARK [2][-]{section*.18}{\376\377\0002\000.\0002\000.\0001\000.\000\040\000H\000i\000s\000t\000o\000r\000i\000a\000\040\000R\000E\000S\000T\000\040\000i\000\040\000R\000E\000S\000T\000\040\000A\000P\000I}{section*.17}% 14
\BOOKMARK [1][-]{section*.19}{\376\377\0002\000.\0003\000.\000\040\000Z\000a\000s\000a\000d\000y\000\040\000R\000E\000S\000T}{section*.7}% 15
\BOOKMARK [1][-]{section*.22}{\376\377\0002\000.\0004\000.\000\040\000P\000o\000d\000s\000t\000a\000w\000o\000w\000y\000\040\000e\000l\000e\000m\000e\000n\000t\000\040\000R\000E\000S\000T\000\040\000A\000P\000I\000,\000\040\000c\000z\000y\000l\000i\000\040\000z\000a\000s\000o\000b\000y}{section*.7}% 16
\BOOKMARK [2][-]{section*.23}{\376\377\0002\000.\0004\000.\0001\000.\000\040\000C\000z\000y\000m\000\040\000j\000e\000s\000t\000\040\000z\000a\000s\000\363\000b\000?}{section*.22}% 17
\BOOKMARK [2][-]{section*.24}{\376\377\0002\000.\0004\000.\0002\000.\000\040\000N\000a\000z\000e\000w\000n\000i\000c\000t\000w\000o}{section*.22}% 18
\BOOKMARK [1][-]{section*.25}{\376\377\0002\000.\0005\000.\000\040\000M\000o\000d\000e\000l\000\040\000d\000o\000j\000r\000z\000a\001\102\000o\001\133\000c\000i\000\040\000R\000i\000c\000h\000a\000r\000d\000s\000o\000n\000a}{section*.7}% 19
\BOOKMARK [1][-]{section*.26}{\376\377\0002\000.\0006\000.\000\040\000D\000j\000a\000n\000g\000o}{section*.7}% 20
\BOOKMARK [2][-]{section*.28}{\376\377\0002\000.\0006\000.\0001\000.\000\040\000U\000R\000L\000s}{section*.26}% 21
\BOOKMARK [2][-]{section*.29}{\376\377\0002\000.\0006\000.\0002\000.\000\040\000V\000i\000e\000w\000s}{section*.26}% 22
\BOOKMARK [2][-]{section*.30}{\376\377\0002\000.\0006\000.\0003\000.\000\040\000M\000o\000d\000e\000l\000s}{section*.26}% 23
\BOOKMARK [2][-]{section*.31}{\376\377\0002\000.\0006\000.\0004\000.\000\040\000T\000e\000m\000p\000l\000a\000t\000e\000s}{section*.26}% 24
\BOOKMARK [1][-]{section*.32}{\376\377\0002\000.\0007\000.\000\040\000D\000j\000a\000n\000g\000o\000\040\000R\000E\000S\000T\000\040\000F\000r\000a\000m\000e\000w\000o\000r\000k}{section*.7}% 25
\BOOKMARK [2][-]{section*.33}{\376\377\0002\000.\0007\000.\0001\000.\000\040\000U\000n\000i\000f\000r\000o\000m\000\040\000I\000n\000t\000e\000r\000f\000a\000c\000e}{section*.32}% 26
\BOOKMARK [2][-]{section*.34}{\376\377\0002\000.\0007\000.\0002\000.\000\040\000H\000A\000T\000E\000O\000A\000S}{section*.32}% 27
\BOOKMARK [2][-]{section*.35}{\376\377\0002\000.\0007\000.\0003\000.\000\040\000C\000l\000i\000e\000n\000t\000-\000S\000e\000r\000v\000e\000r}{section*.32}% 28
\BOOKMARK [2][-]{section*.36}{\376\377\0002\000.\0007\000.\0004\000.\000\040\000S\000t\000a\000t\000e\000l\000e\000s\000s}{section*.32}% 29
\BOOKMARK [2][-]{section*.37}{\376\377\0002\000.\0007\000.\0005\000.\000\040\000C\000a\000c\000h\000e\000a\000b\000l\000e}{section*.32}% 30
\BOOKMARK [2][-]{section*.38}{\376\377\0002\000.\0007\000.\0006\000.\000\040\000L\000a\000y\000e\000r\000e\000d\000\040\000S\000y\000s\000t\000e\000m}{section*.32}% 31
\BOOKMARK [2][-]{section*.39}{\376\377\0002\000.\0007\000.\0007\000.\000\040\000C\000o\000d\000e\000-\000O\000n\000-\000D\000e\000m\000a\000n\000d}{section*.32}% 32
\BOOKMARK [1][-]{section*.40}{\376\377\0002\000.\0008\000.\000\040\000P\000o\000d\000s\000u\000m\000o\000w\000a\000n\000i\000e}{section*.7}% 33
\BOOKMARK [0][-]{section*.41}{\376\377\000R\000o\000z\000d\000z\000i\000a\001\102\000\040\0003\000.\000\040\000I\000n\000t\000e\000g\000r\000a\000c\000j\000a\000\040\000p\000r\000o\000j\000e\000k\000t\000u\000\040\000o\000p\000a\000r\000t\000e\000g\000o\000\040\000o\000\040\000D\000j\000a\000n\000g\000o\000\040\000z\000\040\000b\000a\000z\001\005\000\040\000d\000a\000n\000y\000c\000h\000\040\000P\000o\000s\000t\000g\000r\000e\000S\000Q\000L}{}% 34
\BOOKMARK [1][-]{section*.42}{\376\377\0003\000.\0001\000.\000\040\000M\000y\000S\000Q\000L}{section*.41}% 35
\BOOKMARK [1][-]{section*.44}{\376\377\0003\000.\0002\000.\000\040\000M\000S\000\040\000S\000Q\000L\000\040\000S\000e\000r\000v\000e\000r}{section*.41}% 36
\BOOKMARK [1][-]{section*.46}{\376\377\0003\000.\0003\000.\000\040\000O\000r\000a\000c\000l\000e}{section*.41}% 37
\BOOKMARK [1][-]{section*.48}{\376\377\0003\000.\0004\000.\000\040\000P\000o\000s\000t\000g\000r\000e\000S\000Q\000L}{section*.41}% 38
\BOOKMARK [1][-]{section*.50}{\376\377\0003\000.\0005\000.\000\040\001\101\001\005\000c\000z\000e\000n\000i\000e\000\040\000z\000\040\000b\000a\000z\001\005\000\040\000d\000a\000n\000y\000c\000h\000\040\000P\000o\000s\000t\000g\000r\000e\000S\000Q\000L}{section*.41}% 39
\BOOKMARK [1][-]{section*.51}{\376\377\0003\000.\0006\000.\000\040\000M\000o\000d\000e\000l\000e}{section*.41}% 40
\BOOKMARK [1][-]{section*.52}{\376\377\0003\000.\0007\000.\000\040\000M\000i\000g\000r\000a\000c\000j\000e}{section*.41}% 41
\BOOKMARK [1][-]{section*.53}{\376\377\0003\000.\0008\000.\000\040\000R\000e\000l\000a\000c\000j\000e}{section*.41}% 42
\BOOKMARK [2][-]{section*.55}{\376\377\0003\000.\0008\000.\0001\000.\000\040\000R\000e\000l\000a\000c\000j\000e\000\040\000j\000e\000d\000e\000n\000\040\000d\000o\000\040\000j\000e\000d\000n\000e\000g\000o}{section*.53}% 43
\BOOKMARK [2][-]{section*.56}{\376\377\0003\000.\0008\000.\0002\000.\000\040\000R\000e\000l\000a\000c\000j\000e\000\040\000j\000e\000d\000e\000n\000\040\000d\000o\000\040\000w\000i\000e\000l\000u}{section*.53}% 44
\BOOKMARK [2][-]{section*.58}{\376\377\0003\000.\0008\000.\0003\000.\000\040\000R\000e\000l\000a\000c\000j\000e\000\040\000w\000i\000e\000l\000e\000\040\000d\000o\000\040\000w\000i\000e\000l\000u}{section*.53}% 45
\BOOKMARK [2][-]{section*.60}{\376\377\0003\000.\0008\000.\0004\000.\000\040\000I\000n\000t\000e\000g\000r\000a\000l\000n\000o\001\133\001\007\000\040\000d\000a\000n\000y\000c\000h}{section*.53}% 46
\BOOKMARK [1][-]{section*.61}{\376\377\0003\000.\0009\000.\000\040\000O\000R\000M\000\040\000w\000\040\000D\000j\000a\000n\000g\000o}{section*.41}% 47
\BOOKMARK [2][-]{section*.62}{\376\377\0003\000.\0009\000.\0001\000.\000\040\000T\000w\000o\000r\000z\000e\000n\000i\000e\000\040\000o\000b\000i\000e\000k\000t\000u}{section*.61}% 48
\BOOKMARK [2][-]{section*.63}{\376\377\0003\000.\0009\000.\0002\000.\000\040\000P\000o\000b\000i\000e\000r\000a\000n\000i\000e\000\040\000o\000b\000i\000e\000k\000t\000u}{section*.61}% 49
\BOOKMARK [2][-]{section*.64}{\376\377\0003\000.\0009\000.\0003\000.\000\040\000A\000k\000t\000u\000a\000l\000i\000z\000a\000c\000j\000a\000\040\000o\000b\000i\000e\000k\000t\000u}{section*.61}% 50
\BOOKMARK [2][-]{section*.65}{\376\377\0003\000.\0009\000.\0004\000.\000\040\000U\000s\000u\000w\000a\000n\000i\000e\000\040\000o\000b\000i\000e\000k\000t\000u}{section*.61}% 51
\BOOKMARK [1][-]{section*.66}{\376\377\0003\000.\0001\0000\000.\000\040\000W\000y\000z\000w\000a\000l\000a\000c\000z\000e\000\040\000D\000j\000a\000n\000g\000o\000-\000P\000o\000s\000t\000g\000r\000e\000S\000Q\000L}{section*.41}% 52
\BOOKMARK [2][-]{section*.67}{\376\377\0003\000.\0001\0000\000.\0001\000.\000\040\000O\000c\000h\000r\000o\000n\000a\000\040\000p\000r\000z\000e\000d\000\040\000u\000s\000u\000n\000i\001\031\000c\000i\000e\000m\000\040\000m\000o\000d\000e\000l\000u}{section*.66}% 53
\BOOKMARK [2][-]{section*.68}{\376\377\0003\000.\0001\0000\000.\0002\000.\000\040\000M\000o\001\174\000l\000i\000w\000o\001\133\001\007\000\040\000w\000y\001\102\001\005\000c\000z\000n\000i\000e\000\040\000t\000w\000o\000r\000z\000e\000n\000i\000a\000\040\000l\000u\000b\000\040\000o\000d\000c\000z\000y\000t\000u}{section*.66}% 54
\BOOKMARK [2][-]{section*.69}{\376\377\0003\000.\0001\0000\000.\0003\000.\000\040\000M\000i\001\031\000k\000k\000i\000e\000\040\000u\000s\000u\000w\000a\000n\000i\000e}{section*.66}% 55
\BOOKMARK [2][-]{section*.70}{\376\377\0003\000.\0001\0000\000.\0004\000.\000\040\001\132\000l\000e\000d\000z\000e\000n\000i\000e\000\040\000z\000m\000i\000a\000n}{section*.66}% 56
\BOOKMARK [1][-]{section*.71}{\376\377\0003\000.\0001\0001\000.\000\040\000P\000o\000d\000s\000u\000m\000o\000w\000a\000n\000i\000e}{section*.41}% 57
\BOOKMARK [0][-]{section*.72}{\376\377\000R\000o\000z\000d\000z\000i\000a\001\102\000\040\0004\000.\000\040\000R\000e\000a\000c\000t\000\040\000j\000a\000k\000o\000\040\000n\000a\000r\000z\001\031\000d\000z\000i\000e\000\040\000d\000o\000\040\000t\000w\000o\000r\000z\000e\000n\000i\000a\000\040\000i\000n\000t\000e\000r\000f\000e\000j\000s\000u\000\040\000u\001\174\000y\000t\000k\000o\000w\000n\000i\000k\000a}{}% 58
\BOOKMARK [1][-]{section*.73}{\376\377\0004\000.\0001\000.\000\040\000C\000z\000y\000m\000\040\000j\000e\000s\000t\000\040\000R\000e\000a\000c\000t\000?}{section*.72}% 59
\BOOKMARK [1][-]{section*.75}{\376\377\0004\000.\0002\000.\000\040\000D\000l\000a\000c\000z\000e\000g\000o\000\040\000w\000a\000r\000t\000o\000\040\000k\000o\000r\000z\000y\000s\000t\000a\001\007\000\040\000z\000\040\000R\000e\000a\000c\000t\000a\000?}{section*.72}% 60
\BOOKMARK [1][-]{section*.77}{\376\377\0004\000.\0003\000.\000\040\000N\000p\000m}{section*.72}% 61
\BOOKMARK [1][-]{section*.78}{\376\377\0004\000.\0004\000.\000\040\000P\000o\000j\001\031\000c\000i\000a\000\040\000R\000e\000a\000c\000t\000a}{section*.72}% 62
\BOOKMARK [2][-]{section*.79}{\376\377\0004\000.\0004\000.\0001\000.\000\040\000J\000S\000X}{section*.78}% 63
\BOOKMARK [2][-]{section*.80}{\376\377\0004\000.\0004\000.\0002\000.\000\040\000K\000o\000m\000p\000o\000n\000e\000n\000t\000y}{section*.78}% 64
\BOOKMARK [2][-]{section*.81}{\376\377\0004\000.\0004\000.\0003\000.\000\040\000S\000t\000a\000n\000\040\000i\000\040\000c\000y\000k\000l\000\040\001\174\000y\000c\000i\000a}{section*.78}% 65
\BOOKMARK [2][-]{section*.83}{\376\377\0004\000.\0004\000.\0004\000.\000\040\000R\000e\000n\000d\000e\000r\000o\000w\000a\000n\000i\000e\000\040\000w\000a\000r\000u\000n\000k\000o\000w\000e}{section*.78}% 66
\BOOKMARK [2][-]{section*.84}{\376\377\0004\000.\0004\000.\0005\000.\000\040\000H\000o\000o\000k\000i}{section*.78}% 67
\BOOKMARK [2][-]{section*.85}{\376\377\0004\000.\0004\000.\0006\000.\000\040\000O\000b\000s\001\102\000u\000g\000a\000\040\000z\000d\000a\000r\000z\000e\001\104}{section*.78}% 68
\BOOKMARK [1][-]{section*.86}{\376\377\0004\000.\0005\000.\000\040\000T\000w\000o\000r\000z\000e\000n\000i\000e\000\040\000f\000o\000r\000m\000u\000l\000a\000r\000z\000y\000\040\000o\000r\000a\000z\000\040\000w\000y\000m\000i\000a\000n\000a\000\040\000d\000a\000n\000y\000c\000h\000\040\000z\000\040\000s\000e\000r\000w\000e\000r\000e\000m}{section*.72}% 69
\BOOKMARK [2][-]{section*.87}{\376\377\0004\000.\0005\000.\0001\000.\000\040\000A\000x\000i\000o\000s}{section*.86}% 70
\BOOKMARK [2][-]{section*.89}{\376\377\0004\000.\0005\000.\0002\000.\000\040\000Y\000u\000p}{section*.86}% 71
\BOOKMARK [2][-]{section*.90}{\376\377\0004\000.\0005\000.\0003\000.\000\040\000F\000o\000r\000m\000i\000k}{section*.86}% 72
\BOOKMARK [1][-]{section*.91}{\376\377\0004\000.\0006\000.\000\040\000R\000e\000a\000c\000t\000\040\000R\000o\000u\000t\000e\000r}{section*.72}% 73
\BOOKMARK [1][-]{section*.92}{\376\377\0004\000.\0007\000.\000\040\000P\000o\000d\000s\000u\000m\000o\000w\000a\000n\000i\000e}{section*.72}% 74
