This is pdfTeX, Version 3.14159265-2.6-1.40.21 (MiKTeX 20.11) (preloaded format=pdflatex 2020.11.17)  19 OCT 2021 17:33
entering extended mode
**./pracainz2.tex
(pracainz2.tex
LaTeX2e <2020-10-01> patch level 2
L3 programming layer <2020-10-27> xparse <2020-03-03> (amuthesis.cls
Document Class: amuthesis 2017/10/01 AMU Thesis
(C:\Users\Damian\AppData\Local\Programs\MiKTeX\tex/latex/mwcls\mwbk.cls
Document Class: mwbk 2017/05/13 v0.75 A LaTeX document class (MW)
*** Beta version. Formatting may change
*** in future versions of this class.
(C:\Users\Damian\AppData\Local\Programs\MiKTeX\tex/latex/mwcls\mwbk11.clo
File: mwbk11.clo 2017/05/13 v0.75 A document class size option (MW)
)
\@parindent=\dimen138
\c@part=\count175
\c@chapter=\count176
\c@section=\count177
\c@subsection=\count178
\c@subsubsection=\count179
\c@paragraph=\count180
\c@subparagraph=\count181
\c@figure=\count182
\c@table=\count183
\abovecaptionskip=\skip47
\belowcaptionskip=\skip48
\bibindent=\dimen139
)
(C:\Users\Damian\AppData\Local\Programs\MiKTeX\tex/latex/polski\polski.sty
Package: polski 2017/05/04 v1.3.4 Polish language package

   Switching to Polish text encoding and Polish maths fonts.
(C:\Users\Damian\AppData\Local\Programs\MiKTeX\tex/latex/base\ot4enc.def
File: ot4enc.def 2020/08/10 v2.0s Standard LaTeX file
Now handling font encoding OT4 ...
... no UTF-8 mapping file for font encoding OT4
)
LaTeX Font Info:    Trying to load font information for OT4+cmr on input line 3
60.

(C:\Users\Damian\AppData\Local\Programs\MiKTeX\tex/latex/polski\ot4cmr.fd
File: ot4cmr.fd 2008/02/24 v1.2.1 Font defs for fonts PL (MW)
)
LaTeX Font Info:    Overwriting math alphabet `\mathbf' in version `normal'
(Font)                  OT1/cmr/bx/n --> OT4/cmr/bx/n on input line 360.
LaTeX Font Info:    Overwriting math alphabet `\mathsf' in version `normal'
(Font)                  OT1/cmss/m/n --> OT4/cmss/m/n on input line 360.
LaTeX Font Info:    Overwriting math alphabet `\mathit' in version `normal'
(Font)                  OT1/cmr/m/it --> OT4/cmr/m/it on input line 360.
LaTeX Font Info:    Overwriting math alphabet `\mathtt' in version `normal'
(Font)                  OT1/cmtt/m/n --> OT4/cmtt/m/n on input line 360.
LaTeX Font Info:    Overwriting math alphabet `\mathsf' in version `bold'
(Font)                  OT1/cmss/bx/n --> OT4/cmss/bx/n on input line 360.
LaTeX Font Info:    Overwriting math alphabet `\mathit' in version `bold'
(Font)                  OT1/cmr/bx/it --> OT4/cmr/bx/it on input line 360.
LaTeX Font Info:    Encoding `OT1' has changed to `OT4' for symbol font
(Font)              `operators' in the math version `normal' on input line 360.

LaTeX Font Info:    Overwriting symbol font `operators' in version `normal'
(Font)                  OT1/cmr/m/n --> OT4/cmr/m/n on input line 360.
LaTeX Font Info:    Overwriting symbol font `letters' in version `normal'
(Font)                  OML/cmm/m/it --> OML/plm/m/it on input line 360.
LaTeX Font Info:    Overwriting symbol font `symbols' in version `normal'
(Font)                  OMS/cmsy/m/n --> OMS/plsy/m/n on input line 360.
LaTeX Font Info:    Overwriting symbol font `largesymbols' in version `normal'
(Font)                  OMX/cmex/m/n --> OMX/plex/m/n on input line 360.
LaTeX Font Info:    Encoding `OT1' has changed to `OT4' for symbol font
(Font)              `operators' in the math version `bold' on input line 360.
LaTeX Font Info:    Overwriting symbol font `operators' in version `bold'
(Font)                  OT1/cmr/bx/n --> OT4/cmr/bx/n on input line 360.
LaTeX Font Info:    Overwriting symbol font `letters' in version `bold'
(Font)                  OML/cmm/b/it --> OML/plm/b/it on input line 360.
LaTeX Font Info:    Overwriting symbol font `symbols' in version `bold'
(Font)                  OMS/cmsy/b/n --> OMS/plsy/b/n on input line 360.
)
(C:\Users\Damian\AppData\Local\Programs\MiKTeX\tex/generic/iftex\ifxetex.sty
Package: ifxetex 2019/10/25 v0.7 ifxetex legacy package. Use iftex instead.

(C:\Users\Damian\AppData\Local\Programs\MiKTeX\tex/generic/iftex\iftex.sty
Package: iftex 2020/03/06 v1.0d TeX engine tests
))
(C:\Users\Damian\AppData\Local\Programs\MiKTeX\tex/generic/iftex\ifluatex.sty
Package: ifluatex 2019/10/25 v1.5 ifluatex legacy package. Use iftex instead.
)
(C:\Users\Damian\AppData\Local\Programs\MiKTeX\tex/latex/psnfss\mathpazo.sty
Package: mathpazo 2020/03/25 PSNFSS-v9.3 Palatino w/ Pazo Math (D.Puga, WaS) 
\symupright=\mathgroup4
)
(C:\Users\Damian\AppData\Local\Programs\MiKTeX\tex/latex/psnfss\avant.sty
Package: avant 2020/03/25 PSNFSS-v9.3 (SPQR) 
)
(C:\Users\Damian\AppData\Local\Programs\MiKTeX\tex/latex/sourcecodepro\sourceco
depro.sty
Package: sourcecodepro 2018/01/13 v2.7 Adobe's Source Code Pro typeface

(C:\Users\Damian\AppData\Local\Programs\MiKTeX\tex/latex/xkeyval\xkeyval.sty
Package: xkeyval 2014/12/03 v2.7a package option processing (HA)

(C:\Users\Damian\AppData\Local\Programs\MiKTeX\tex/generic/xkeyval\xkeyval.tex
(C:\Users\Damian\AppData\Local\Programs\MiKTeX\tex/generic/xkeyval\xkvutils.tex
\XKV@toks=\toks15
\XKV@tempa@toks=\toks16
(C:\Users\Damian\AppData\Local\Programs\MiKTeX\tex/generic/xkeyval\keyval.tex))
\XKV@depth=\count184
File: xkeyval.tex 2014/12/03 v2.7a key=value parser (HA)
)) (C:\Users\Damian\AppData\Local\Programs\MiKTeX\tex/latex/base\fontenc.sty
Package: fontenc 2020/08/10 v2.0s Standard LaTeX package

(C:\Users\Damian\AppData\Local\Programs\MiKTeX\tex/latex/ly1\ly1enc.def
File: ly1enc.def 2009/07/22 v0.7 TeX 'n ANSI encoding (DPC/KB)
Now handling font encoding LY1 ...
... processing UTF-8 mapping file for font encoding LY1

(C:\Users\Damian\AppData\Local\Programs\MiKTeX\tex/latex/base\ly1enc.dfu
File: ly1enc.dfu 2019/11/14 v1.2k UTF-8 support for inputenc
   defining Unicode char U+00A0 (decimal 160)
   defining Unicode char U+00A1 (decimal 161)
   defining Unicode char U+00A2 (decimal 162)
   defining Unicode char U+00A3 (decimal 163)
   defining Unicode char U+00A4 (decimal 164)
   defining Unicode char U+00A5 (decimal 165)
   defining Unicode char U+00A6 (decimal 166)
   defining Unicode char U+00A7 (decimal 167)
   defining Unicode char U+00AA (decimal 170)
   defining Unicode char U+00AB (decimal 171)
   defining Unicode char U+00AD (decimal 173)
   defining Unicode char U+00AE (decimal 174)
   defining Unicode char U+00B0 (decimal 176)
   defining Unicode char U+00B5 (decimal 181)
   defining Unicode char U+00B6 (decimal 182)
   defining Unicode char U+00B7 (decimal 183)
   defining Unicode char U+00BA (decimal 186)
   defining Unicode char U+00BB (decimal 187)
   defining Unicode char U+00BC (decimal 188)
   defining Unicode char U+00BD (decimal 189)
   defining Unicode char U+00BE (decimal 190)
   defining Unicode char U+00BF (decimal 191)
   defining Unicode char U+00C0 (decimal 192)
   defining Unicode char U+00C1 (decimal 193)
   defining Unicode char U+00C2 (decimal 194)
   defining Unicode char U+00C3 (decimal 195)
   defining Unicode char U+00C4 (decimal 196)
   defining Unicode char U+00C5 (decimal 197)
   defining Unicode char U+00C6 (decimal 198)
   defining Unicode char U+00C7 (decimal 199)
   defining Unicode char U+00C8 (decimal 200)
   defining Unicode char U+00C9 (decimal 201)
   defining Unicode char U+00CA (decimal 202)
   defining Unicode char U+00CB (decimal 203)
   defining Unicode char U+00CC (decimal 204)
   defining Unicode char U+00CD (decimal 205)
   defining Unicode char U+00CE (decimal 206)
   defining Unicode char U+00CF (decimal 207)
   defining Unicode char U+00D0 (decimal 208)
   defining Unicode char U+00D1 (decimal 209)
   defining Unicode char U+00D2 (decimal 210)
   defining Unicode char U+00D3 (decimal 211)
   defining Unicode char U+00D4 (decimal 212)
   defining Unicode char U+00D5 (decimal 213)
   defining Unicode char U+00D6 (decimal 214)
   defining Unicode char U+00D8 (decimal 216)
   defining Unicode char U+00D9 (decimal 217)
   defining Unicode char U+00DA (decimal 218)
   defining Unicode char U+00DB (decimal 219)
   defining Unicode char U+00DC (decimal 220)
   defining Unicode char U+00DD (decimal 221)
   defining Unicode char U+00DE (decimal 222)
   defining Unicode char U+00DF (decimal 223)
   defining Unicode char U+00E0 (decimal 224)
   defining Unicode char U+00E1 (decimal 225)
   defining Unicode char U+00E2 (decimal 226)
   defining Unicode char U+00E3 (decimal 227)
   defining Unicode char U+00E4 (decimal 228)
   defining Unicode char U+00E5 (decimal 229)
   defining Unicode char U+00E6 (decimal 230)
   defining Unicode char U+00E7 (decimal 231)
   defining Unicode char U+00E8 (decimal 232)
   defining Unicode char U+00E9 (decimal 233)
   defining Unicode char U+00EA (decimal 234)
   defining Unicode char U+00EB (decimal 235)
   defining Unicode char U+00EC (decimal 236)
   defining Unicode char U+00ED (decimal 237)
   defining Unicode char U+00EE (decimal 238)
   defining Unicode char U+00EF (decimal 239)
   defining Unicode char U+00F0 (decimal 240)
   defining Unicode char U+00F1 (decimal 241)
   defining Unicode char U+00F2 (decimal 242)
   defining Unicode char U+00F3 (decimal 243)
   defining Unicode char U+00F4 (decimal 244)
   defining Unicode char U+00F5 (decimal 245)
   defining Unicode char U+00F6 (decimal 246)
   defining Unicode char U+00F8 (decimal 248)
   defining Unicode char U+00F9 (decimal 249)
   defining Unicode char U+00FA (decimal 250)
   defining Unicode char U+00FB (decimal 251)
   defining Unicode char U+00FC (decimal 252)
   defining Unicode char U+00FD (decimal 253)
   defining Unicode char U+00FE (decimal 254)
   defining Unicode char U+00FF (decimal 255)
   defining Unicode char U+0131 (decimal 305)
   defining Unicode char U+0141 (decimal 321)
   defining Unicode char U+0142 (decimal 322)
   defining Unicode char U+0152 (decimal 338)
   defining Unicode char U+0153 (decimal 339)
   defining Unicode char U+0160 (decimal 352)
   defining Unicode char U+0161 (decimal 353)
   defining Unicode char U+0174 (decimal 372)
   defining Unicode char U+0175 (decimal 373)
   defining Unicode char U+0176 (decimal 374)
   defining Unicode char U+0177 (decimal 375)
   defining Unicode char U+0178 (decimal 376)
   defining Unicode char U+017D (decimal 381)
   defining Unicode char U+017E (decimal 382)
   defining Unicode char U+0192 (decimal 402)
   defining Unicode char U+0218 (decimal 536)
   defining Unicode char U+0219 (decimal 537)
   defining Unicode char U+021A (decimal 538)
   defining Unicode char U+021B (decimal 539)
   defining Unicode char U+0237 (decimal 567)
   defining Unicode char U+02C6 (decimal 710)
   defining Unicode char U+02DC (decimal 732)
   defining Unicode char U+2013 (decimal 8211)
   defining Unicode char U+2014 (decimal 8212)
   defining Unicode char U+201C (decimal 8220)
   defining Unicode char U+201D (decimal 8221)
   defining Unicode char U+2020 (decimal 8224)
   defining Unicode char U+2021 (decimal 8225)
   defining Unicode char U+2022 (decimal 8226)
   defining Unicode char U+2026 (decimal 8230)
   defining Unicode char U+2030 (decimal 8240)
   defining Unicode char U+2039 (decimal 8249)
   defining Unicode char U+203A (decimal 8250)
   defining Unicode char U+2122 (decimal 8482)
   defining Unicode char U+FB00 (decimal 64256)
   defining Unicode char U+FB01 (decimal 64257)
   defining Unicode char U+FB02 (decimal 64258)
   defining Unicode char U+FB03 (decimal 64259)
   defining Unicode char U+FB04 (decimal 64260)
   defining Unicode char U+FB05 (decimal 64261)
   defining Unicode char U+FB06 (decimal 64262)
))
LaTeX Font Info:    Trying to load font information for T1+pplx on input line 1
12.

(C:\Users\Damian\AppData\Local\Programs\MiKTeX\tex/latex/psnfss\t1pplx.fd
File: t1pplx.fd 2004/09/06 font definitions for T1/pplx.
)))
(C:\Users\Damian\AppData\Local\Programs\MiKTeX\tex/latex/geometry\geometry.sty
Package: geometry 2020/01/02 v5.9 Page Geometry

(C:\Users\Damian\AppData\Local\Programs\MiKTeX\tex/generic/iftex\ifvtex.sty
Package: ifvtex 2019/10/25 v1.7 ifvtex legacy package. Use iftex instead.
)
\Gm@cnth=\count185
\Gm@cntv=\count186
\c@Gm@tempcnt=\count187
\Gm@bindingoffset=\dimen140
\Gm@wd@mp=\dimen141
\Gm@odd@mp=\dimen142
\Gm@even@mp=\dimen143
\Gm@layoutwidth=\dimen144
\Gm@layoutheight=\dimen145
\Gm@layouthoffset=\dimen146
\Gm@layoutvoffset=\dimen147
\Gm@dimlist=\toks17

(C:\Users\Damian\AppData\Local\Programs\MiKTeX\tex/latex/geometry\geometry.cfg)
)
(C:\Users\Damian\AppData\Local\Programs\MiKTeX\tex/latex/hyperref\hyperref.sty
Package: hyperref 2020-05-15 v7.00e Hypertext links for LaTeX

(C:\Users\Damian\AppData\Local\Programs\MiKTeX\tex/generic/ltxcmds\ltxcmds.sty
Package: ltxcmds 2020-05-10 v1.25 LaTeX kernel commands for general use (HO)
)
(C:\Users\Damian\AppData\Local\Programs\MiKTeX\tex/generic/pdftexcmds\pdftexcmd
s.sty
Package: pdftexcmds 2020-06-27 v0.33 Utility functions of pdfTeX for LuaTeX (HO
)

(C:\Users\Damian\AppData\Local\Programs\MiKTeX\tex/generic/infwarerr\infwarerr.
sty
Package: infwarerr 2019/12/03 v1.5 Providing info/warning/error messages (HO)
)
Package pdftexcmds Info: \pdf@primitive is available.
Package pdftexcmds Info: \pdf@ifprimitive is available.
Package pdftexcmds Info: \pdfdraftmode found.
)
(C:\Users\Damian\AppData\Local\Programs\MiKTeX\tex/generic/kvsetkeys\kvsetkeys.
sty
Package: kvsetkeys 2019/12/15 v1.18 Key value parser (HO)
)
(C:\Users\Damian\AppData\Local\Programs\MiKTeX\tex/generic/kvdefinekeys\kvdefin
ekeys.sty
Package: kvdefinekeys 2019-12-19 v1.6 Define keys (HO)
)
(C:\Users\Damian\AppData\Local\Programs\MiKTeX\tex/generic/pdfescape\pdfescape.
sty
Package: pdfescape 2019/12/09 v1.15 Implements pdfTeX's escape features (HO)
)
(C:\Users\Damian\AppData\Local\Programs\MiKTeX\tex/latex/hycolor\hycolor.sty
Package: hycolor 2020-01-27 v1.10 Color options for hyperref/bookmark (HO)
)
(C:\Users\Damian\AppData\Local\Programs\MiKTeX\tex/latex/letltxmacro\letltxmacr
o.sty
Package: letltxmacro 2019/12/03 v1.6 Let assignment for LaTeX macros (HO)
)
(C:\Users\Damian\AppData\Local\Programs\MiKTeX\tex/latex/auxhook\auxhook.sty
Package: auxhook 2019-12-17 v1.6 Hooks for auxiliary files (HO)
)
(C:\Users\Damian\AppData\Local\Programs\MiKTeX\tex/latex/kvoptions\kvoptions.st
y
Package: kvoptions 2020-10-07 v3.14 Key value format for package options (HO)
)
\@linkdim=\dimen148
\Hy@linkcounter=\count188
\Hy@pagecounter=\count189
 (C:\Users\Damian\AppData\Local\Programs\MiKTeX\tex/latex/hyperref\pd1enc.def
File: pd1enc.def 2020-05-15 v7.00e Hyperref: PDFDocEncoding definition (HO)
Now handling font encoding PD1 ...
... no UTF-8 mapping file for font encoding PD1
)
(C:\Users\Damian\AppData\Local\Programs\MiKTeX\tex/generic/intcalc\intcalc.sty
Package: intcalc 2019/12/15 v1.3 Expandable calculations with integers (HO)
)
(C:\Users\Damian\AppData\Local\Programs\MiKTeX\tex/generic/etexcmds\etexcmds.st
y
Package: etexcmds 2019/12/15 v1.7 Avoid name clashes with e-TeX commands (HO)
)
\Hy@SavedSpaceFactor=\count190
Package hyperref Info: Option `unicode' set `true' on input line 4338.
 (C:\Users\Damian\AppData\Local\Programs\MiKTeX\tex/latex/hyperref\puenc.def
File: puenc.def 2020-05-15 v7.00e Hyperref: PDF Unicode definition (HO)
Now handling font encoding PU ...
... no UTF-8 mapping file for font encoding PU
)
Package hyperref Info: Hyper figures OFF on input line 4464.
Package hyperref Info: Link nesting OFF on input line 4469.
Package hyperref Info: Hyper index ON on input line 4472.
Package hyperref Info: Plain pages OFF on input line 4479.
Package hyperref Info: Backreferencing OFF on input line 4484.
Package hyperref Info: Implicit mode ON; LaTeX internals redefined.
Package hyperref Info: Bookmarks ON on input line 4717.
\c@Hy@tempcnt=\count191
(C:\Users\Damian\AppData\Local\Programs\MiKTeX\tex/latex/url\url.sty
\Urlmuskip=\muskip16
Package: url 2013/09/16  ver 3.4  Verb mode for urls, etc.
)
LaTeX Info: Redefining \url on input line 5076.
\XeTeXLinkMargin=\dimen149

(C:\Users\Damian\AppData\Local\Programs\MiKTeX\tex/generic/bitset\bitset.sty
Package: bitset 2019/12/09 v1.3 Handle bit-vector datatype (HO)

(C:\Users\Damian\AppData\Local\Programs\MiKTeX\tex/generic/bigintcalc\bigintcal
c.sty
Package: bigintcalc 2019/12/15 v1.5 Expandable calculations on big integers (HO
)
))
\Fld@menulength=\count192
\Field@Width=\dimen150
\Fld@charsize=\dimen151
Package hyperref Info: Hyper figures OFF on input line 6347.
Package hyperref Info: Link nesting OFF on input line 6352.
Package hyperref Info: Hyper index ON on input line 6355.
Package hyperref Info: backreferencing OFF on input line 6362.
Package hyperref Info: Link coloring OFF on input line 6367.
Package hyperref Info: Link coloring with OCG OFF on input line 6372.
Package hyperref Info: PDF/A mode OFF on input line 6377.
LaTeX Info: Redefining \ref on input line 6417.
LaTeX Info: Redefining \pageref on input line 6421.

(C:\Users\Damian\AppData\Local\Programs\MiKTeX\tex/latex/base\atbegshi-ltx.sty
Package: atbegshi-ltx 2020/08/17 v1.0a Emulation of the original atbegshi packa
ge
with kernel methods
)
\Hy@abspage=\count193
\c@Item=\count194
\c@Hfootnote=\count195
)
Package hyperref Info: Driver (autodetected): hpdftex.
 (C:\Users\Damian\AppData\Local\Programs\MiKTeX\tex/latex/hyperref\hpdftex.def
File: hpdftex.def 2020-05-15 v7.00e Hyperref driver for pdfTeX

(C:\Users\Damian\AppData\Local\Programs\MiKTeX\tex/latex/base\atveryend-ltx.sty
Package: atveryend-ltx 2020/08/19 v1.0a Emulation of the original atvery packag
e
with kernel methods
)
\Fld@listcount=\count196
\c@bookmark@seq@number=\count197

(C:\Users\Damian\AppData\Local\Programs\MiKTeX\tex/latex/rerunfilecheck\rerunfi
lecheck.sty
Package: rerunfilecheck 2019/12/05 v1.9 Rerun checks for auxiliary files (HO)

(C:\Users\Damian\AppData\Local\Programs\MiKTeX\tex/generic/uniquecounter\unique
counter.sty
Package: uniquecounter 2019/12/15 v1.4 Provide unlimited unique counter (HO)
)
Package uniquecounter Info: New unique counter `rerunfilecheck' on input line 2
86.
)
\Hy@SectionHShift=\skip49
)
(C:\Users\Damian\AppData\Local\Programs\MiKTeX\tex/latex/xcolor\xcolor.sty
Package: xcolor 2016/05/11 v2.12 LaTeX color extensions (UK)

(C:\Users\Damian\AppData\Local\Programs\MiKTeX\tex/latex/graphics-cfg\color.cfg
File: color.cfg 2016/01/02 v1.6 sample color configuration
)
Package xcolor Info: Driver file: pdftex.def on input line 225.

(C:\Users\Damian\AppData\Local\Programs\MiKTeX\tex/latex/graphics-def\pdftex.de
f
File: pdftex.def 2020/10/05 v1.2a Graphics/color driver for pdftex
)
Package xcolor Info: Model `cmy' substituted by `cmy0' on input line 1348.
Package xcolor Info: Model `hsb' substituted by `rgb' on input line 1352.
Package xcolor Info: Model `RGB' extended on input line 1364.
Package xcolor Info: Model `HTML' substituted by `rgb' on input line 1366.
Package xcolor Info: Model `Hsb' substituted by `hsb' on input line 1367.
Package xcolor Info: Model `tHsb' substituted by `hsb' on input line 1368.
Package xcolor Info: Model `HSB' substituted by `hsb' on input line 1369.
Package xcolor Info: Model `Gray' substituted by `gray' on input line 1370.
Package xcolor Info: Model `wave' substituted by `hsb' on input line 1371.
)
(C:\Users\Damian\AppData\Local\Programs\MiKTeX\tex/latex/amsmath\amsmath.sty
Package: amsmath 2020/09/23 v2.17i AMS math features
\@mathmargin=\skip50

For additional information on amsmath, use the `?' option.
(C:\Users\Damian\AppData\Local\Programs\MiKTeX\tex/latex/amsmath\amstext.sty
Package: amstext 2000/06/29 v2.01 AMS text

(C:\Users\Damian\AppData\Local\Programs\MiKTeX\tex/latex/amsmath\amsgen.sty
File: amsgen.sty 1999/11/30 v2.0 generic functions
\@emptytoks=\toks18
\ex@=\dimen152
))
(C:\Users\Damian\AppData\Local\Programs\MiKTeX\tex/latex/amsmath\amsbsy.sty
Package: amsbsy 1999/11/29 v1.2d Bold Symbols
\pmbraise@=\dimen153
)
(C:\Users\Damian\AppData\Local\Programs\MiKTeX\tex/latex/amsmath\amsopn.sty
Package: amsopn 2016/03/08 v2.02 operator names
)
\inf@bad=\count198
LaTeX Info: Redefining \frac on input line 234.
\uproot@=\count199
\leftroot@=\count266
LaTeX Info: Redefining \overline on input line 399.
\classnum@=\count267
\DOTSCASE@=\count268
LaTeX Info: Redefining \ldots on input line 496.
LaTeX Info: Redefining \dots on input line 499.
LaTeX Info: Redefining \cdots on input line 620.
\Mathstrutbox@=\box47
\strutbox@=\box48
\big@size=\dimen154
LaTeX Font Info:    Redeclaring font encoding OML on input line 743.
LaTeX Font Info:    Redeclaring font encoding OMS on input line 744.
\macc@depth=\count269
\c@MaxMatrixCols=\count270
\dotsspace@=\muskip17
\c@parentequation=\count271
\dspbrk@lvl=\count272
\tag@help=\toks19
\row@=\count273
\column@=\count274
\maxfields@=\count275
\andhelp@=\toks20
\eqnshift@=\dimen155
\alignsep@=\dimen156
\tagshift@=\dimen157
\tagwidth@=\dimen158
\totwidth@=\dimen159
\lineht@=\dimen160
\@envbody=\toks21
\multlinegap=\skip51
\multlinetaggap=\skip52
\mathdisplay@stack=\toks22
LaTeX Info: Redefining \[ on input line 2923.
LaTeX Info: Redefining \] on input line 2924.
)
(C:\Users\Damian\AppData\Local\Programs\MiKTeX\tex/latex/amsfonts\amssymb.sty
Package: amssymb 2013/01/14 v3.01 AMS font symbols

(C:\Users\Damian\AppData\Local\Programs\MiKTeX\tex/latex/amsfonts\amsfonts.sty
Package: amsfonts 2013/01/14 v3.01 Basic AMSFonts support
\symAMSa=\mathgroup5
\symAMSb=\mathgroup6
LaTeX Font Info:    Redeclaring math symbol \hbar on input line 98.
LaTeX Font Info:    Overwriting math alphabet `\mathfrak' in version `bold'
(Font)                  U/euf/m/n --> U/euf/b/n on input line 106.
)) (C:\Users\Damian\AppData\Local\Programs\MiKTeX\tex/latex/amscls\amsthm.sty
Package: amsthm 2020/05/29 v2.20.6
\thm@style=\toks23
\thm@bodyfont=\toks24
\thm@headfont=\toks25
\thm@notefont=\toks26
\thm@headpunct=\toks27
\thm@preskip=\skip53
\thm@postskip=\skip54
\thm@headsep=\skip55
\dth@everypar=\toks28
)
(C:\Users\Damian\AppData\Local\Programs\MiKTeX\tex/latex/graphics\graphicx.sty
Package: graphicx 2020/09/09 v1.2b Enhanced LaTeX Graphics (DPC,SPQR)

(C:\Users\Damian\AppData\Local\Programs\MiKTeX\tex/latex/graphics\graphics.sty
Package: graphics 2020/08/30 v1.4c Standard LaTeX Graphics (DPC,SPQR)

(C:\Users\Damian\AppData\Local\Programs\MiKTeX\tex/latex/graphics\trig.sty
Package: trig 2016/01/03 v1.10 sin cos tan (DPC)
)
(C:\Users\Damian\AppData\Local\Programs\MiKTeX\tex/latex/graphics-cfg\graphics.
cfg
File: graphics.cfg 2016/06/04 v1.11 sample graphics configuration
)
Package graphics Info: Driver file: pdftex.def on input line 105.
)
\Gin@req@height=\dimen161
\Gin@req@width=\dimen162
)
(C:\Users\Damian\AppData\Local\Programs\MiKTeX\tex/latex/microtype\microtype.st
y
Package: microtype 2019/11/18 v2.7d Micro-typographical refinements (RS)
\MT@toks=\toks29
\MT@count=\count276
LaTeX Info: Redefining \textls on input line 790.
\MT@outer@kern=\dimen163
LaTeX Info: Redefining \textmicrotypecontext on input line 1354.
\MT@listname@count=\count277

(C:\Users\Damian\AppData\Local\Programs\MiKTeX\tex/latex/microtype\microtype-pd
ftex.def
File: microtype-pdftex.def 2019/11/18 v2.7d Definitions specific to pdftex (RS)

LaTeX Info: Redefining \lsstyle on input line 914.
LaTeX Info: Redefining \lslig on input line 914.
\MT@outer@space=\skip56
)
Package microtype Info: Loading configuration file microtype.cfg.

(C:\Users\Damian\AppData\Local\Programs\MiKTeX\tex/latex/microtype\microtype.cf
g
File: microtype.cfg 2019/11/18 v2.7d microtype main configuration file (RS)
)) (C:\Users\Damian\AppData\Local\Programs\MiKTeX\tex/latex/tools\array.sty
Package: array 2019/08/31 v2.4l Tabular extension package (FMi)
\col@sep=\dimen164
\ar@mcellbox=\box49
\extrarowheight=\dimen165
\NC@list=\toks30
\extratabsurround=\skip57
\backup@length=\skip58
\ar@cellbox=\box50
)
(C:\Users\Damian\AppData\Local\Programs\MiKTeX\tex/latex/tools\tabularx.sty
Package: tabularx 2020/01/15 v2.11c `tabularx' package (DPC)
\TX@col@width=\dimen166
\TX@old@table=\dimen167
\TX@old@col=\dimen168
\TX@target=\dimen169
\TX@delta=\dimen170
\TX@cols=\count278
\TX@ftn=\toks31
)
(C:\Users\Damian\AppData\Local\Programs\MiKTeX\tex/latex/tools\longtable.sty
Package: longtable 2020/01/07 v4.13 Multi-page Table package (DPC)
\LTleft=\skip59
\LTright=\skip60
\LTpre=\skip61
\LTpost=\skip62
\LTchunksize=\count279
\LTcapwidth=\dimen171
\LT@head=\box51
\LT@firsthead=\box52
\LT@foot=\box53
\LT@lastfoot=\box54
\LT@cols=\count280
\LT@rows=\count281
\c@LT@tables=\count282
\c@LT@chunks=\count283
\LT@p@ftn=\toks32
)
(C:\Users\Damian\AppData\Local\Programs\MiKTeX\tex/latex/makecell\makecell.sty
Package: makecell 2009/08/03 V0.1e Managing of Tab Column Heads and Cells
\rotheadsize=\dimen172
\c@nlinenum=\count284
\TeXr@lab=\toks33
) (C:\Users\Damian\AppData\Local\Programs\MiKTeX\tex/latex/booktabs\booktabs.st
y
Package: booktabs 2020/01/12 v1.61803398 Publication quality tables
\heavyrulewidth=\dimen173
\lightrulewidth=\dimen174
\cmidrulewidth=\dimen175
\belowrulesep=\dimen176
\belowbottomsep=\dimen177
\aboverulesep=\dimen178
\abovetopsep=\dimen179
\cmidrulesep=\dimen180
\cmidrulekern=\dimen181
\defaultaddspace=\dimen182
\@cmidla=\count285
\@cmidlb=\count286
\@aboverulesep=\dimen183
\@belowrulesep=\dimen184
\@thisruleclass=\count287
\@lastruleclass=\count288
\@thisrulewidth=\dimen185
) (C:\Users\Damian\AppData\Local\Programs\MiKTeX\tex/latex/tools\verbatim.sty
Package: verbatim 2019/11/10 v1.5r LaTeX2e package for verbatim enhancements
\every@verbatim=\toks34
\verbatim@line=\toks35
\verbatim@in@stream=\read2
)
(C:\Users\Damian\AppData\Local\Programs\MiKTeX\tex/latex/caption\caption.sty
Package: caption 2020/10/26 v3.5g Customizing captions (AR)

(C:\Users\Damian\AppData\Local\Programs\MiKTeX\tex/latex/caption\caption3.sty
Package: caption3 2020/10/21 v2.2e caption3 kernel (AR)
\captionmargin=\dimen186
\captionmargin@=\dimen187
\captionwidth=\dimen188
\caption@tempdima=\dimen189
\caption@indent=\dimen190
\caption@parindent=\dimen191
\caption@hangindent=\dimen192
Package caption Info: Unknown document class (or package),
(caption)             standard defaults will be used.
Package caption Info: \@makecaption = \long macro:#1#2->\addvspace \abovecaptio
nskip \bgroup \centeredlast #1.\enspace #2\par \egroup \vskip \belowcaptionskip
  on input line 1139.
)

Package caption Warning: Unknown document class (or package),
(caption)                standard defaults will be used.
See the caption package documentation for explanation.

\c@caption@flags=\count289
\c@continuedfloat=\count290
Package caption Info: hyperref package is loaded.
Package caption Info: longtable package is loaded.
(C:\Users\Damian\AppData\Local\Programs\MiKTeX\tex/latex/caption\ltcaption.sty
Package: ltcaption 2020/05/30 v1.4b longtable captions (AR)
))
(C:\Users\Damian\AppData\Local\Programs\MiKTeX\tex/latex/listings\listings.sty
\lst@mode=\count291
\lst@gtempboxa=\box55
\lst@token=\toks36
\lst@length=\count292
\lst@currlwidth=\dimen193
\lst@column=\count293
\lst@pos=\count294
\lst@lostspace=\dimen194
\lst@width=\dimen195
\lst@newlines=\count295
\lst@lineno=\count296
\lst@maxwidth=\dimen196

(C:\Users\Damian\AppData\Local\Programs\MiKTeX\tex/latex/listings\lstmisc.sty
File: lstmisc.sty 2020/03/24 1.8d (Carsten Heinz)
\c@lstnumber=\count297
\lst@skipnumbers=\count298
\lst@framebox=\box56
)
(C:\Users\Damian\AppData\Local\Programs\MiKTeX\tex/latex/listings\listings.cfg
File: listings.cfg 2020/03/24 1.8d listings configuration
))
Package: listings 2020/03/24 1.8d (Carsten Heinz)
\c@theorem=\count299
\c@definition=\count300
\c@example=\count301
\c@task=\count302
 (C:\Users\Damian\AppData\Local\Programs\MiKTeX\tex/latex/base\ifthen.sty
Package: ifthen 2014/09/29 v1.1c Standard LaTeX ifthen package (DPC)
)
(C:\Users\Damian\AppData\Local\Programs\MiKTeX\tex/latex/l3packages/xparse\xpar
se.sty
(C:\Users\Damian\AppData\Local\Programs\MiKTeX\tex/latex/l3kernel\expl3.sty
Package: expl3 2020-10-27 L3 programming layer (loader) 

(C:\Users\Damian\AppData\Local\Programs\MiKTeX\tex/latex/l3backend\l3backend-pd
ftex.def
File: l3backend-pdftex.def 2020-09-24 L3 backend support: PDF output (pdfTeX)
\l__kernel_color_stack_int=\count303
\l__pdf_internal_box=\box57
))
Package: xparse 2020-10-27 L3 Experimental document command parser

(C:\Users\Damian\AppData\Local\Programs\MiKTeX\tex/latex/l3packages/xparse\xpar
se-generic.tex))
(C:\Users\Damian\AppData\Local\Programs\MiKTeX\tex/latex/fancyhdr\fancyhdr.sty
Package: fancyhdr 2019/01/31 v3.10 Extensive control of page headers and footer
s
\f@nch@headwidth=\skip63
\f@nch@O@elh=\skip64
\f@nch@O@erh=\skip65
\f@nch@O@olh=\skip66
\f@nch@O@orh=\skip67
\f@nch@O@elf=\skip68
\f@nch@O@erf=\skip69
\f@nch@O@olf=\skip70
\f@nch@O@orf=\skip71
)

Package Fancyhdr Warning: \fancyhead's `E' option without twoside option is use
less on input line 705.


Package Fancyhdr Warning: \fancyhead's `E' option without twoside option is use
less on input line 707.

) (C:\Users\Damian\AppData\Local\Programs\MiKTeX\tex/latex/base\inputenc.sty
Package: inputenc 2020/08/01 v1.3d Input encoding file
\inpenc@prehook=\toks37
\inpenc@posthook=\toks38
)
   defining Unicode char U+200B (decimal 8203)

(C:\Users\Damian\AppData\Local\Programs\MiKTeX\tex/latex/preprint\authblk.sty
Package: authblk 2001/02/27 1.3 (PWD)
\affilsep=\skip72
\@affilsep=\skip73
\c@Maxaffil=\count304
\c@authors=\count305
\c@affil=\count306
)
(C:\Users\Damian\AppData\Local\Programs\MiKTeX\tex/latex/float\float.sty
Package: float 2001/11/08 v1.3d Float enhancements (AL)
\c@float@type=\count307
\float@exts=\toks39
\float@box=\box58
\@float@everytoks=\toks40
\@floatcapt=\box59
)
(C:\Users\Damian\AppData\Local\Programs\MiKTeX\tex/latex/tools\enumerate.sty
Package: enumerate 2015/07/23 v3.00 enumerate extensions (DPC)
\@enLab=\toks41
)
(C:\Users\Damian\AppData\Local\Programs\MiKTeX\tex/latex/multirow\multirow.sty
Package: multirow 2021/03/15 v2.8 Span multiple rows of a table
\multirow@colwidth=\skip74
\multirow@cntb=\count308
\multirow@dima=\skip75
\bigstrutjot=\dimen197
)
(C:\Users\Damian\AppData\Local\Programs\MiKTeX\tex/latex/adjustbox\adjustbox.st
y
Package: adjustbox 2020/08/19 v1.3 Adjusting TeX boxes (trim, clip, ...)

(C:\Users\Damian\AppData\Local\Programs\MiKTeX\tex/latex/adjustbox\adjcalc.sty
Package: adjcalc 2012/05/16 v1.1 Provides advanced setlength with multiple back
-ends (calc, etex, pgfmath)
)
(C:\Users\Damian\AppData\Local\Programs\MiKTeX\tex/latex/adjustbox\trimclip.sty
Package: trimclip 2020/08/19 v1.2 Trim and clip general TeX material

(C:\Users\Damian\AppData\Local\Programs\MiKTeX\tex/latex/collectbox\collectbox.
sty
Package: collectbox 2012/05/17 v0.4b Collect macro arguments as boxes
\collectedbox=\box60
)
\tc@llx=\dimen198
\tc@lly=\dimen199
\tc@urx=\dimen256
\tc@ury=\dimen257
Package trimclip Info: Using driver 'tc-pdftex.def'.

(C:\Users\Damian\AppData\Local\Programs\MiKTeX\tex/latex/adjustbox\tc-pdftex.de
f
File: tc-pdftex.def 2019/01/04 v2.2 Clipping driver for pdftex
))
\adjbox@Width=\dimen258
\adjbox@Height=\dimen259
\adjbox@Depth=\dimen260
\adjbox@Totalheight=\dimen261
\adjbox@pwidth=\dimen262
\adjbox@pheight=\dimen263
\adjbox@pdepth=\dimen264
\adjbox@ptotalheight=\dimen265

(C:\Users\Damian\AppData\Local\Programs\MiKTeX\tex/latex/ifoddpage\ifoddpage.st
y
Package: ifoddpage 2016/04/23 v1.1 Conditionals for odd/even page detection
\c@checkoddpage=\count309
)
(C:\Users\Damian\AppData\Local\Programs\MiKTeX\tex/latex/varwidth\varwidth.sty
Package: varwidth 2009/03/30 ver 0.92;  Variable-width minipages
\@vwid@box=\box61
\sift@deathcycles=\count310
\@vwid@loff=\dimen266
\@vwid@roff=\dimen267
))
(C:\Users\Damian\AppData\Local\Programs\MiKTeX\tex/latex/biblatex\biblatex.sty
Package: biblatex 2020/08/23 v3.15a programmable bibliographies (PK/MW)

(C:\Users\Damian\AppData\Local\Programs\MiKTeX\tex/latex/etoolbox\etoolbox.sty
Package: etoolbox 2020/10/05 v2.5k e-TeX tools for LaTeX (JAW)
\etb@tempcnta=\count311
) (C:\Users\Damian\AppData\Local\Programs\MiKTeX\tex/latex/logreq\logreq.sty
Package: logreq 2010/08/04 v1.0 xml request logger
\lrq@indent=\count312

(C:\Users\Damian\AppData\Local\Programs\MiKTeX\tex/latex/logreq\logreq.def
File: logreq.def 2010/08/04 v1.0 logreq spec v1.0
))
\c@tabx@nest=\count313
\c@listtotal=\count314
\c@listcount=\count315
\c@liststart=\count316
\c@liststop=\count317
\c@citecount=\count318
\c@citetotal=\count319
\c@multicitecount=\count320
\c@multicitetotal=\count321
\c@instcount=\count322
\c@maxnames=\count323
\c@minnames=\count324
\c@maxitems=\count325
\c@minitems=\count326
\c@citecounter=\count327
\c@maxcitecounter=\count328
\c@savedcitecounter=\count329
\c@uniquelist=\count330
\c@uniquename=\count331
\c@refsection=\count332
\c@refsegment=\count333
\c@maxextratitle=\count334
\c@maxextratitleyear=\count335
\c@maxextraname=\count336
\c@maxextradate=\count337
\c@maxextraalpha=\count338
\c@abbrvpenalty=\count339
\c@highnamepenalty=\count340
\c@lownamepenalty=\count341
\c@maxparens=\count342
\c@parenlevel=\count343
\blx@tempcnta=\count344
\blx@tempcntb=\count345
\blx@tempcntc=\count346
\blx@maxsection=\count347
\blx@maxsegment@0=\count348
\blx@notetype=\count349
\blx@parenlevel@text=\count350
\blx@parenlevel@foot=\count351
\blx@sectionciteorder@0=\count352
\blx@entrysetcounter=\count353
\blx@biblioinstance=\count354
\labelnumberwidth=\skip76
\labelalphawidth=\skip77
\biblabelsep=\skip78
\bibitemsep=\skip79
\bibnamesep=\skip80
\bibinitsep=\skip81
\bibparsep=\skip82
\bibhang=\skip83
\blx@bcfin=\read3
\blx@bcfout=\write3
\blx@langwohyphens=\language79
\c@mincomprange=\count355
\c@maxcomprange=\count356
\c@mincompwidth=\count357
Package biblatex Info: Trying to load biblatex default data model...
Package biblatex Info: ... file 'blx-dm.def' found.

(C:\Users\Damian\AppData\Local\Programs\MiKTeX\tex/latex/biblatex\blx-dm.def
File: blx-dm.def 2020/08/23 v3.15a biblatex localization (PK/MW)
)
Package biblatex Info: Trying to load biblatex custom data model...
Package biblatex Info: ... file 'biblatex-dm.cfg' not found.
\c@afterword=\count358
\c@savedafterword=\count359
\c@annotator=\count360
\c@savedannotator=\count361
\c@author=\count362
\c@savedauthor=\count363
\c@bookauthor=\count364
\c@savedbookauthor=\count365
\c@commentator=\count366
\c@savedcommentator=\count367
\c@editor=\count368
\c@savededitor=\count369
\c@editora=\count370
\c@savededitora=\count371
\c@editorb=\count372
\c@savededitorb=\count373
\c@editorc=\count374
\c@savededitorc=\count375
\c@foreword=\count376
\c@savedforeword=\count377
\c@holder=\count378
\c@savedholder=\count379
\c@introduction=\count380
\c@savedintroduction=\count381
\c@namea=\count382
\c@savednamea=\count383
\c@nameb=\count384
\c@savednameb=\count385
\c@namec=\count386
\c@savednamec=\count387
\c@translator=\count388
\c@savedtranslator=\count389
\c@shortauthor=\count390
\c@savedshortauthor=\count391
\c@shorteditor=\count392
\c@savedshorteditor=\count393
\c@labelname=\count394
\c@savedlabelname=\count395
\c@institution=\count396
\c@savedinstitution=\count397
\c@lista=\count398
\c@savedlista=\count399
\c@listb=\count400
\c@savedlistb=\count401
\c@listc=\count402
\c@savedlistc=\count403
\c@listd=\count404
\c@savedlistd=\count405
\c@liste=\count406
\c@savedliste=\count407
\c@listf=\count408
\c@savedlistf=\count409
\c@location=\count410
\c@savedlocation=\count411
\c@organization=\count412
\c@savedorganization=\count413
\c@origlocation=\count414
\c@savedoriglocation=\count415
\c@origpublisher=\count416
\c@savedorigpublisher=\count417
\c@publisher=\count418
\c@savedpublisher=\count419
\c@language=\count420
\c@savedlanguage=\count421
\c@origlanguage=\count422
\c@savedoriglanguage=\count423
\c@pageref=\count424
\c@savedpageref=\count425
\shorthandwidth=\skip84
\shortjournalwidth=\skip85
\shortserieswidth=\skip86
\shorttitlewidth=\skip87
\shortauthorwidth=\skip88
\shorteditorwidth=\skip89
\locallabelnumberwidth=\skip90
\locallabelalphawidth=\skip91
\localshorthandwidth=\skip92
\localshortjournalwidth=\skip93
\localshortserieswidth=\skip94
\localshorttitlewidth=\skip95
\localshortauthorwidth=\skip96
\localshorteditorwidth=\skip97
Package biblatex Info: Trying to load compatibility code...
Package biblatex Info: ... file 'blx-compat.def' found.

(C:\Users\Damian\AppData\Local\Programs\MiKTeX\tex/latex/biblatex\blx-compat.de
f
File: blx-compat.def 2020/08/23 v3.15a biblatex compatibility (PK/MW)
)
Package biblatex Info: expl3
(biblatex)             2020-10-27 L3 programming layer (loader) 
(biblatex)             is new enough (at least 2020/04/06),
(biblatex)             setting 'casechanger=expl3'.
Package biblatex Info: Trying to load expl3 case changing code...
Package biblatex Info: ... file 'blx-case-expl3.def' found.

(C:\Users\Damian\AppData\Local\Programs\MiKTeX\tex/latex/biblatex\blx-case-expl
3.def
File: blx-case-expl3 2020/08/23 v3.15a expl3 case changing code for biblatex
)
Package biblatex Info: Trying to load generic definitions...
Package biblatex Info: ... file 'biblatex.def' found.

(C:\Users\Damian\AppData\Local\Programs\MiKTeX\tex/latex/biblatex\biblatex.def
File: biblatex.def 2020/08/23 v3.15a biblatex compatibility (PK/MW)
\c@textcitecount=\count426
\c@textcitetotal=\count427
\c@textcitemaxnames=\count428
\c@biburlbigbreakpenalty=\count429
\c@biburlbreakpenalty=\count430
\c@biburlnumpenalty=\count431
\c@biburlucpenalty=\count432
\c@biburllcpenalty=\count433
\biburlbigskip=\muskip18
\biburlnumskip=\muskip19
\biburlucskip=\muskip20
\biburllcskip=\muskip21
\c@smartand=\count434
)
Package biblatex Info: Trying to load bibliography style 'numeric'...
Package biblatex Info: ... file 'numeric.bbx' found.

(C:\Users\Damian\AppData\Local\Programs\MiKTeX\tex/latex/biblatex/bbx\numeric.b
bx
File: numeric.bbx 2020/08/23 v3.15a biblatex bibliography style (PK/MW)
Package biblatex Info: Trying to load bibliography style 'standard'...
Package biblatex Info: ... file 'standard.bbx' found.

(C:\Users\Damian\AppData\Local\Programs\MiKTeX\tex/latex/biblatex/bbx\standard.
bbx
File: standard.bbx 2020/08/23 v3.15a biblatex bibliography style (PK/MW)
\c@bbx:relatedcount=\count435
\c@bbx:relatedtotal=\count436
))
Package biblatex Info: Trying to load citation style 'numeric'...
Package biblatex Info: ... file 'numeric.cbx' found.

(C:\Users\Damian\AppData\Local\Programs\MiKTeX\tex/latex/biblatex/cbx\numeric.c
bx
File: numeric.cbx 2020/08/23 v3.15a biblatex citation style (PK/MW)
Package biblatex Info: Redefining '\cite'.
Package biblatex Info: Redefining '\parencite'.
Package biblatex Info: Redefining '\footcite'.
Package biblatex Info: Redefining '\footcitetext'.
Package biblatex Info: Redefining '\smartcite'.
Package biblatex Info: Redefining '\supercite'.
Package biblatex Info: Redefining '\textcite'.
Package biblatex Info: Redefining '\textcites'.
Package biblatex Info: Redefining '\cites'.
Package biblatex Info: Redefining '\parencites'.
Package biblatex Info: Redefining '\smartcites'.
)
Package biblatex Info: Trying to load configuration file...
Package biblatex Info: ... file 'biblatex.cfg' found.

(C:\Users\Damian\AppData\Local\Programs\MiKTeX\tex/latex/biblatex\biblatex.cfg
File: biblatex.cfg 
))
(C:\Users\Damian\AppData\Local\Programs\MiKTeX\tex/latex/enumitem\enumitem.sty
Package: enumitem 2019/06/20 v3.9 Customized lists
\enitkv@toks@=\toks42
\labelindent=\skip98
\enit@outerparindent=\dimen268
\enit@toks=\toks43
\enit@inbox=\box62
\enit@count@id=\count437
\enitdp@description=\count438
) (C:\Users\Damian\AppData\Local\Programs\MiKTeX\tex/latex/lipsum\lipsum.sty
Package: lipsum 2019/01/02 v2.2 150 paragraphs of Lorem Ipsum dummy text

(C:\Users\Damian\AppData\Local\Programs\MiKTeX\tex/latex/lipsum\lipsum.ltd.tex
File: lipsum.ltd.tex 2019/01/02 v2.2 The Lorem ipsum dummy text
))
\@quotelevel=\count439
\@quotereset=\count440
 (pracainz2.aux

LaTeX Warning: Label `Cache' multiply defined.


LaTeX Warning: Label `obraz-przyklad' multiply defined.


LaTeX Warning: Label `react dev example.jpg' multiply defined.

)
\openout1 = `pracainz2.aux'.

LaTeX Font Info:    Checking defaults for OML/cmm/m/it on input line 148.
LaTeX Font Info:    ... okay on input line 148.
LaTeX Font Info:    Checking defaults for OMS/cmsy/m/n on input line 148.
LaTeX Font Info:    ... okay on input line 148.
LaTeX Font Info:    Checking defaults for OT1/cmr/m/n on input line 148.
LaTeX Font Info:    ... okay on input line 148.
LaTeX Font Info:    Checking defaults for T1/cmr/m/n on input line 148.
LaTeX Font Info:    ... okay on input line 148.
LaTeX Font Info:    Checking defaults for TS1/cmr/m/n on input line 148.
LaTeX Font Info:    ... okay on input line 148.
LaTeX Font Info:    Checking defaults for OMX/cmex/m/n on input line 148.
LaTeX Font Info:    ... okay on input line 148.
LaTeX Font Info:    Checking defaults for U/cmr/m/n on input line 148.
LaTeX Font Info:    ... okay on input line 148.
LaTeX Font Info:    Checking defaults for OT4/cmr/m/n on input line 148.
LaTeX Font Info:    ... okay on input line 148.
LaTeX Font Info:    Checking defaults for LY1/ptm/m/n on input line 148.
LaTeX Font Info:    Trying to load font information for LY1+ptm on input line 1
48.
 (C:\Users\Damian\AppData\Local\Programs\MiKTeX\tex/latex/ly1\ly1ptm.fd
File: ly1ptm.fd 2001/02/01 font definitions for LY1/ptm using Berry names.
)
LaTeX Font Info:    ... okay on input line 148.
LaTeX Font Info:    Checking defaults for PD1/pdf/m/n on input line 148.
LaTeX Font Info:    ... okay on input line 148.
LaTeX Font Info:    Checking defaults for PU/pdf/m/n on input line 148.
LaTeX Font Info:    ... okay on input line 148.

*geometry* driver: auto-detecting
*geometry* detected driver: pdftex
*geometry* verbose mode - [ preamble ] result:
* driver: pdftex
* paper: a4paper
* layout: <same size as paper>
* layoutoffset:(h,v)=(0.0pt,0.0pt)
* modes: 
* h-part:(L,W,R)=(106.69783pt, 384.11221pt, 106.69783pt)
* v-part:(T,H,B)=(113.81102pt, 617.4248pt, 113.81102pt)
* \paperwidth=597.50787pt
* \paperheight=845.04684pt
* \textwidth=384.11221pt
* \textheight=617.4248pt
* \oddsidemargin=34.42784pt
* \evensidemargin=34.42784pt
* \topmargin=3.94102pt
* \headheight=13.6pt
* \headsep=24.0pt
* \topskip=11.0pt
* \footskip=42.0pt
* \marginparwidth=0.0pt
* \marginparsep=0.0pt
* \columnsep=25.6802pt
* \skip\footins=10.0pt plus 4.0pt minus 2.0pt
* \hoffset=0.0pt
* \voffset=0.0pt
* \mag=1000
* \@twocolumnfalse
* \@twosidefalse
* \@mparswitchfalse
* \@reversemarginfalse
* (1in=72.27pt=25.4mm, 1cm=28.453pt)

Package hyperref Info: Link coloring OFF on input line 148.
(C:\Users\Damian\AppData\Local\Programs\MiKTeX\tex/latex/hyperref\nameref.sty
Package: nameref 2019/09/16 v2.46 Cross-referencing by name of section

(C:\Users\Damian\AppData\Local\Programs\MiKTeX\tex/latex/refcount\refcount.sty
Package: refcount 2019/12/15 v3.6 Data extraction from label references (HO)
)
(C:\Users\Damian\AppData\Local\Programs\MiKTeX\tex/generic/gettitlestring\getti
tlestring.sty
Package: gettitlestring 2019/12/15 v1.6 Cleanup title references (HO)
)
\c@section@level=\count441
)
LaTeX Info: Redefining \ref on input line 148.
LaTeX Info: Redefining \pageref on input line 148.
LaTeX Info: Redefining \nameref on input line 148.
 (pracainz2.out) (pracainz2.out)
\@outlinefile=\write4
\openout4 = `pracainz2.out'.


(C:\Users\Damian\AppData\Local\Programs\MiKTeX\tex/context/base/mkii\supp-pdf.m
kii
[Loading MPS to PDF converter (version 2006.09.02).]
\scratchcounter=\count442
\scratchdimen=\dimen269
\scratchbox=\box63
\nofMPsegments=\count443
\nofMParguments=\count444
\everyMPshowfont=\toks44
\MPscratchCnt=\count445
\MPscratchDim=\dimen270
\MPnumerator=\count446
\makeMPintoPDFobject=\count447
\everyMPtoPDFconversion=\toks45
)
(C:\Users\Damian\AppData\Local\Programs\MiKTeX\tex/latex/epstopdf-pkg\epstopdf-
base.sty
Package: epstopdf-base 2020-01-24 v2.11 Base part for package epstopdf
Package epstopdf-base Info: Redefining graphics rule for `.eps' on input line 4
85.
)
LaTeX Info: Redefining \microtypecontext on input line 148.
Package microtype Info: Generating PDF output.
Package microtype Info: Character protrusion enabled (level 2).
Package microtype Info: Using default protrusion set `alltext'.
Package microtype Info: Automatic font expansion enabled (level 2),
(microtype)             stretch: 20, shrink: 20, step: 1, non-selected.
Package microtype Info: Using default expansion set `basictext'.
LaTeX Info: Redefining \showhyphens on input line 148.
Package microtype Info: No adjustment of tracking.
Package microtype Info: No adjustment of interword spacing.
Package microtype Info: No adjustment of character kerning.

(C:\Users\Damian\AppData\Local\Programs\MiKTeX\tex/latex/microtype\mt-ppl.cfg
File: mt-ppl.cfg 2005/11/16 v1.6 microtype config. file: Palatino (RS)
)
Package caption Info: Begin \AtBeginDocument code.
Package caption Info: float package is loaded.
Package caption Info: listings package is loaded.
Package caption Info: End \AtBeginDocument code.
\c@lstlisting=\count448
Package biblatex Info: Trying to load language 'polish'...
Package biblatex Info: ... file 'polish.lbx' found.

(C:\Users\Damian\AppData\Local\Programs\MiKTeX\tex/latex/biblatex/lbx\polish.lb
x
File: polish.lbx 2020/08/23 v3.15a biblatex localization (PK/MW)
)
Package biblatex Info: Input encoding 'utf8' detected.
Package biblatex Info: Automatic encoding selection.
(biblatex)             Assuming data encoding 'utf8'.
\openout3 = `pracainz2.bcf'.

Package biblatex Info: Trying to load bibliographic data...
Package biblatex Info: ... file 'pracainz2.bbl' found.
 (pracainz2.bbl)
Package biblatex Info: Reference section=0 on input line 148.
Package biblatex Info: Reference segment=0 on input line 148.
<uam-logo.pdf, id=311, 547.04375pt x 479.7925pt>
File: uam-logo.pdf Graphic file (type pdf)
<use uam-logo.pdf>
Package pdftex.def Info: uam-logo.pdf  used on input line 151.
(pdftex.def)             Requested size: 142.26378pt x 124.77238pt.
 [1


{C:/Users/Damian/AppData/Local/MiKTeX/pdftex/config/pdftex.map} <./uam-logo.pdf
>]
(C:\Users\Damian\AppData\Local\Programs\MiKTeX\tex/latex/psnfss\ot1pplx.fd)
(C:\Users\Damian\AppData\Local\Programs\MiKTeX\tex/latex/psnfss\omlzplm.fd)
(C:\Users\Damian\AppData\Local\Programs\MiKTeX\tex/latex/psnfss\omszplm.fd)
(C:\Users\Damian\AppData\Local\Programs\MiKTeX\tex/latex/psnfss\omxzplm.fd)
(C:\Users\Damian\AppData\Local\Programs\MiKTeX\tex/latex/psnfss\ot1zplm.fd)
(C:\Users\Damian\AppData\Local\Programs\MiKTeX\tex/latex/microtype\mt-msa.cfg)
(C:\Users\Damian\AppData\Local\Programs\MiKTeX\tex/latex/microtype\mt-msb.cfg)
(C:\Users\Damian\AppData\Local\Programs\MiKTeX\tex/latex/sourcecodepro\t1source
codepro-tlf.fd)
Underfull \hbox (badness 10000) in paragraph at lines 153--153

 []

[2

] [3


]
LaTeX Font Info:    Font shape `U/msa/m/n' will be
(Font)              scaled to size 11.40997pt on input line 172.
LaTeX Font Info:    Font shape `U/msa/m/n' will be
(Font)              scaled to size 8.33606pt on input line 172.
LaTeX Font Info:    Font shape `U/msb/m/n' will be
(Font)              scaled to size 11.40997pt on input line 172.
LaTeX Font Info:    Font shape `U/msb/m/n' will be
(Font)              scaled to size 8.33606pt on input line 172.
 [4

] (pracainz2.toc [5

] [6])
\tf@toc=\write5
\openout5 = `pracainz2.toc'.

 [7]
Package microtype Info: Character `029' is missing
(microtype)             in font `T1/pplx/m/sc/14'.
(microtype)             Ignoring protrusion settings for this character.


Package hyperref Warning: Token not allowed in a PDF string (Unicode):
(hyperref)                \kern 3.5pt
(hyperref)                removed on input line 183.

[8

]

Package hyperref Warning: Token not allowed in a PDF string (Unicode):
(hyperref)                \kern 3.5pt
(hyperref)                removed on input line 200.


Package hyperref Warning: Token not allowed in a PDF string (Unicode):
(hyperref)                \kern 2.73749pt
(hyperref)                removed on input line 202.


Package hyperref Warning: Token not allowed in a PDF string (Unicode):
(hyperref)                \kern 2.73749pt
(hyperref)                removed on input line 204.


Package hyperref Warning: Token not allowed in a PDF string (Unicode):
(hyperref)                \kern 2.73749pt
(hyperref)                removed on input line 206.


Package hyperref Warning: Token not allowed in a PDF string (Unicode):
(hyperref)                \kern 3.5pt
(hyperref)                removed on input line 209.

[9] [10]

Package hyperref Warning: Token not allowed in a PDF string (Unicode):
(hyperref)                \kern 3.5pt
(hyperref)                removed on input line 218.


Package hyperref Warning: Token not allowed in a PDF string (Unicode):
(hyperref)                \kern 2.73749pt
(hyperref)                removed on input line 222.


Package hyperref Warning: Token not allowed in a PDF string (Unicode):
(hyperref)                \kern 2.73749pt
(hyperref)                removed on input line 228.

[11

]
(C:\Users\Damian\AppData\Local\Programs\MiKTeX\tex/latex/listings\lstlang1.sty
File: lstlang1.sty 2020/03/24 1.8d listings language file
) (C:\Users\Damian\AppData\Local\Programs\MiKTeX\tex/latex/listings\lstmisc.sty
File: lstmisc.sty 2020/03/24 1.8d (Carsten Heinz)
)
Package hyperref Info: bookmark level for unknown lstlisting defaults to 0 on i
nput line 242.
LaTeX Font Info:    Font shape `T1/SourceCodePro-TLF/m/n' will be
(Font)              scaled to size 8.36993pt on input line 243.

Package hyperref Warning: Token not allowed in a PDF string (Unicode):
(hyperref)                \kern 2.73749pt
(hyperref)                removed on input line 257.


Package hyperref Warning: Token not allowed in a PDF string (Unicode):
(hyperref)                \kern 2.73749pt
(hyperref)                removed on input line 272.

[12]
<api.png, id=461, 1204.5pt x 388.45125pt>
File: api.png Graphic file (type png)
<use api.png>
Package pdftex.def Info: api.png  used on input line 278.
(pdftex.def)             Requested size: 398.33858pt x 128.46196pt.

Overfull \hbox (14.22636pt too wide) in paragraph at lines 278--280
 [][] 
 []


Package hyperref Warning: Token not allowed in a PDF string (Unicode):
(hyperref)                \kern 2.73749pt
(hyperref)                removed on input line 285.


Underfull \hbox (badness 10000) in paragraph at lines 289--290

 []


Underfull \hbox (badness 10000) in paragraph at lines 290--291

 []


Underfull \hbox (badness 10000) in paragraph at lines 291--292

 []


Underfull \hbox (badness 10000) in paragraph at lines 292--293

 []

[13 <./api.png>]
Underfull \hbox (badness 10000) in paragraph at lines 293--294

 []

<uri.jpg, id=469, 549.05125pt x 181.67876pt>
File: uri.jpg Graphic file (type jpg)
<use uri.jpg>
Package pdftex.def Info: uri.jpg  used on input line 299.
(pdftex.def)             Requested size: 398.33858pt x 131.81212pt.

Overfull \hbox (14.22636pt too wide) in paragraph at lines 299--301
 [][] 
 []


Package hyperref Warning: Token not allowed in a PDF string (Unicode):
(hyperref)                \kern 2.73749pt
(hyperref)                removed on input line 306.

(C:\Users\Damian\AppData\Local\Programs\MiKTeX\tex/latex/listings\lstlang1.sty
File: lstlang1.sty 2020/03/24 1.8d listings language file
) [14 <./uri.jpg>]
LaTeX Font Info:    Font shape `T1/SourceCodePro-TLF/m/it' will be
(Font)              scaled to size 9.29993pt on input line 314.


Package hyperref Warning: Token not allowed in a PDF string (Unicode):
(hyperref)                \kern 3.5pt
(hyperref)                removed on input line 318.


Package hyperref Warning: Token not allowed in a PDF string (Unicode):
(hyperref)                \kern 2.73749pt
(hyperref)                removed on input line 321.

<SOAP.png, id=475, 679.53876pt x 367.3725pt>
File: SOAP.png Graphic file (type png)
<use SOAP.png>
Package pdftex.def Info: SOAP.png  used on input line 328.
(pdftex.def)             Requested size: 398.33858pt x 215.34647pt.

Overfull \hbox (14.22636pt too wide) in paragraph at lines 328--330
 [][] 
 []

[15]
Underfull \hbox (badness 10000) in paragraph at lines 333--335

 []


Underfull \hbox (badness 10000) in paragraph at lines 335--336

 []


Underfull \hbox (badness 10000) in paragraph at lines 336--337

 []


Underfull \hbox (badness 10000) in paragraph at lines 337--338

 []


Underfull \hbox (badness 10000) in paragraph at lines 338--339

 []


Underfull \hbox (badness 10000) in paragraph at lines 339--340

 []


Underfull \hbox (badness 10000) in paragraph at lines 340--341

 []

[16 <./SOAP.png>]
Underfull \hbox (badness 10000) in paragraph at lines 341--342

 []


Package hyperref Warning: Token not allowed in a PDF string (Unicode):
(hyperref)                \kern 3.5pt
(hyperref)                removed on input line 346.


Underfull \hbox (badness 10000) in paragraph at lines 348--349

 []

<restarch.jpg, id=491, 656.4525pt x 480.79625pt>
File: restarch.jpg Graphic file (type jpg)
<use restarch.jpg>
Package pdftex.def Info: restarch.jpg  used on input line 355.
(pdftex.def)             Requested size: 398.33858pt x 291.75197pt.

Overfull \hbox (14.22636pt too wide) in paragraph at lines 355--356
 [][] 
 []

[17]
Underfull \hbox (badness 10000) in paragraph at lines 362--363

 []


Underfull \hbox (badness 10000) in paragraph at lines 364--365

 []


Underfull \hbox (badness 10000) in paragraph at lines 366--367

 []

[18 <./restarch.jpg>]
Overfull \hbox (221.57803pt too wide) in paragraph at lines 397--398
[][][][][][][][][][][][][][][][][][][][][][][][][][][][][][][][][][][][][][][][
][][][][]  
 []


Underfull \hbox (badness 10000) in paragraph at lines 405--406

 []

[19]
<rest.jpeg, id=537, 784.9325pt x 672.5125pt>
File: rest.jpeg Graphic file (type jpg)
<use rest.jpeg>
Package pdftex.def Info: rest.jpeg  used on input line 414.
(pdftex.def)             Requested size: 398.33858pt x 341.29391pt.

Overfull \hbox (14.22636pt too wide) in paragraph at lines 414--415
 [][] 
 []


Underfull \hbox (badness 10000) in paragraph at lines 419--420

 []

[20 <./rest.jpeg>]
Underfull \hbox (badness 10000) in paragraph at lines 421--422

 []


Underfull \hbox (badness 10000) in paragraph at lines 423--424

 []


Package hyperref Warning: Token not allowed in a PDF string (Unicode):
(hyperref)                \kern 3.5pt
(hyperref)                removed on input line 428.

[21]

Package hyperref Warning: Token not allowed in a PDF string (Unicode):
(hyperref)                \kern 2.73749pt
(hyperref)                removed on input line 435.


Underfull \hbox (badness 10000) in paragraph at lines 438--439

 []


Underfull \hbox (badness 10000) in paragraph at lines 444--445

 []


Package hyperref Warning: Token not allowed in a PDF string (Unicode):
(hyperref)                \kern 2.73749pt
(hyperref)                removed on input line 448.


Underfull \hbox (badness 10000) in paragraph at lines 451--452

 []


Underfull \hbox (badness 10000) in paragraph at lines 454--458

 []

[22]
Underfull \hbox (badness 10000) in paragraph at lines 473--474

 []


Underfull \hbox (badness 10000) in paragraph at lines 475--476

 []


Package hyperref Warning: Token not allowed in a PDF string (Unicode):
(hyperref)                \kern 3.5pt
(hyperref)                removed on input line 481.

[23]
LaTeX Font Info:    Font shape `T1/SourceCodePro-TLF/sb/n' will be
(Font)              scaled to size 9.29993pt on input line 522.
 [24] [25]

Package hyperref Warning: Token not allowed in a PDF string (Unicode):
(hyperref)                \kern 3.5pt
(hyperref)                removed on input line 589.

<mtv.png, id=603, 322.05319pt x 227.1988pt>
File: mtv.png Graphic file (type png)
<use mtv.png>
Package pdftex.def Info: mtv.png  used on input line 594.
(pdftex.def)             Requested size: 398.33858pt x 281.0337pt.

Overfull \hbox (14.22636pt too wide) in paragraph at lines 594--596
 [][] 
 []


Overfull \hbox (23.62169pt too wide) in paragraph at lines 596--596
 \T1/pplx/m/n/10.95 (-20) https://developer.mozilla.org/en-US/docs/Learn/Server
-side/Django/Introduction| 
 []

[26]

Package hyperref Warning: Token not allowed in a PDF string (Unicode):
(hyperref)                \kern 2.73749pt
(hyperref)                removed on input line 601.


Package hyperref Warning: Token not allowed in a PDF string (Unicode):
(hyperref)                \kern 2.73749pt
(hyperref)                removed on input line 607.


Package hyperref Warning: Token not allowed in a PDF string (Unicode):
(hyperref)                \kern 2.73749pt
(hyperref)                removed on input line 613.

[27 <./mtv.png>]

Package hyperref Warning: Token not allowed in a PDF string (Unicode):
(hyperref)                \kern 2.73749pt
(hyperref)                removed on input line 619.


Package hyperref Warning: Token not allowed in a PDF string (Unicode):
(hyperref)                \kern 3.5pt
(hyperref)                removed on input line 623.


Package hyperref Warning: Token not allowed in a PDF string (Unicode):
(hyperref)                \kern 2.73749pt
(hyperref)                removed on input line 627.


Package hyperref Warning: Token not allowed in a PDF string (Unicode):
(hyperref)                \kern 2.73749pt
(hyperref)                removed on input line 633.

[28]

Package hyperref Warning: Token not allowed in a PDF string (Unicode):
(hyperref)                \kern 2.73749pt
(hyperref)                removed on input line 639.


Package hyperref Warning: Token not allowed in a PDF string (Unicode):
(hyperref)                \kern 2.73749pt
(hyperref)                removed on input line 644.


Package hyperref Warning: Token not allowed in a PDF string (Unicode):
(hyperref)                \kern 2.73749pt
(hyperref)                removed on input line 659.


Package hyperref Warning: Token not allowed in a PDF string (Unicode):
(hyperref)                \kern 2.73749pt
(hyperref)                removed on input line 665.

[29]

Package hyperref Warning: Token not allowed in a PDF string (Unicode):
(hyperref)                \kern 2.73749pt
(hyperref)                removed on input line 671.


Package hyperref Warning: Token not allowed in a PDF string (Unicode):
(hyperref)                \kern 3.5pt
(hyperref)                removed on input line 675.

[30] [31

]

Package hyperref Warning: Token not allowed in a PDF string (Unicode):
(hyperref)                \kern 3.5pt
(hyperref)                removed on input line 711.


Package hyperref Warning: Token not allowed in a PDF string (Unicode):
(hyperref)                \kern 3.5pt
(hyperref)                removed on input line 741.

[32]
LaTeX Font Info:    Font shape `T1/SourceCodePro-TLF/m/n' will be
(Font)              scaled to size 10.18341pt on input line 745.


Package hyperref Warning: Token not allowed in a PDF string (Unicode):
(hyperref)                \kern 3.5pt
(hyperref)                removed on input line 766.


Package hyperref Warning: Token not allowed in a PDF string (Unicode):
(hyperref)                \kern 3.5pt
(hyperref)                removed on input line 790.

[33]
Overfull \hbox (1.1588pt too wide) in paragraph at lines 791--793
[]\T1/pplx/m/n/10.95 (-20) PostgreSQL to dar-mo-wy i otwar-ty sys-tem za-rz-dz
a-nia obiektowo-relacyjnymi
 []


Package hyperref Warning: Token not allowed in a PDF string (Unicode):
(hyperref)                \kern 3.5pt
(hyperref)                removed on input line 824.

[34]

Package hyperref Warning: Token not allowed in a PDF string (Unicode):
(hyperref)                \kern 3.5pt
(hyperref)                removed on input line 844.


Overfull \hbox (14.87381pt too wide) in paragraph at lines 846--848
\T1/SourceCodePro-TLF/m/n/10.95 ,Te-xt-Field, Fo-re-ign-Key, In-te-ger-Field, B
o-ole-an-Field, Da-te-Ti-me-Field. 
 []

[35]
Overfull \hbox (10.16791pt too wide) in paragraph at lines 878--879
[][][][][][][][][][][][][][][][][][][][][][][][][][][][][][][][][][][][][][][][
]  
 []

[36]

Package hyperref Warning: Token not allowed in a PDF string (Unicode):
(hyperref)                \kern 3.5pt
(hyperref)                removed on input line 903.

(C:\Users\Damian\AppData\Local\Programs\MiKTeX\tex/latex/listings\lstlang1.sty
File: lstlang1.sty 2020/03/24 1.8d listings language file
) [37]

Package hyperref Warning: Token not allowed in a PDF string (Unicode):
(hyperref)                \kern 3.5pt
(hyperref)                removed on input line 949.

<gl-relacje.png, id=721, 335.45325pt x 263.7855pt>
File: gl-relacje.png Graphic file (type png)
<use gl-relacje.png>
Package pdftex.def Info: gl-relacje.png  used on input line 953.
(pdftex.def)             Requested size: 341.44627pt x 227.6239pt.
[38]

Package hyperref Warning: Token not allowed in a PDF string (Unicode):
(hyperref)                \kern 2.73749pt
(hyperref)                removed on input line 972.

[39 <./gl-relacje.png>]

Package hyperref Warning: Token not allowed in a PDF string (Unicode):
(hyperref)                \kern 2.73749pt
(hyperref)                removed on input line 1000.

[40]
Overfull \hbox (10.16791pt too wide) in paragraph at lines 1020--1021
[][][][][][][][][][][][][][][][][][][][][][][][][][][][][][][][][][][][][][][][
]  
 []

<skillsec.png, id=788, 163.812pt x 69.861pt>
File: skillsec.png Graphic file (type png)
<use skillsec.png>
Package pdftex.def Info: skillsec.png  used on input line 1030.
(pdftex.def)             Requested size: 170.71652pt x 72.81146pt.

Package hyperref Warning: Token not allowed in a PDF string (Unicode):
(hyperref)                \kern 2.73749pt
(hyperref)                removed on input line 1038.


Overfull \hbox (10.16791pt too wide) in paragraph at lines 1048--1049
[][][][][][][][][][][][][][][][][][][][][][][][][][][][][][][][][][][][][][][][
]  
 []

[41 <./skillsec.png>]
<task_skill.png, id=815, 187.902pt x 245.11575pt>
File: task_skill.png Graphic file (type png)
<use task_skill.png>
Package pdftex.def Info: task_skill.png  used on input line 1073.
(pdftex.def)             Requested size: 227.63449pt x 227.62614pt.

Overfull \hbox (8.37321pt too wide) in paragraph at lines 1078--1079
[]\T1/pplx/m/n/10.95 (-20) W przy-pad-ku na-sze-go pro-jek-tu stwo-rzo-na zo-st
a-a ta-be-la o na-zwie \T1/SourceCodePro-TLF/m/n/10.95 task_skill
 []

[42 <./task_skill.png>]

Package hyperref Warning: Token not allowed in a PDF string (Unicode):
(hyperref)                \kern 2.73749pt
(hyperref)                removed on input line 1081.


Package hyperref Warning: Token not allowed in a PDF string (Unicode):
(hyperref)                \kern 3.5pt
(hyperref)                removed on input line 1093.

LaTeX Font Info:    Font shape `T1/SourceCodePro-TLF/sb/n' will be
(Font)              scaled to size 8.36993pt on input line 1100.
[43]

Package hyperref Warning: Token not allowed in a PDF string (Unicode):
(hyperref)                \kern 2.73749pt
(hyperref)                removed on input line 1105.


Package hyperref Warning: Token not allowed in a PDF string (Unicode):
(hyperref)                \kern 2.73749pt
(hyperref)                removed on input line 1139.

[44] [45] [46]

Package hyperref Warning: Token not allowed in a PDF string (Unicode):
(hyperref)                \kern 2.73749pt
(hyperref)                removed on input line 1246.

[47]

Package hyperref Warning: Token not allowed in a PDF string (Unicode):
(hyperref)                \kern 2.73749pt
(hyperref)                removed on input line 1259.


Package hyperref Warning: Token not allowed in a PDF string (Unicode):
(hyperref)                \kern 3.5pt
(hyperref)                removed on input line 1267.


Overfull \hbox (1.30562pt too wide) in paragraph at lines 1279--1280
\T1/pplx/m/n/10.95 (-20) Wykonujc po-wy-sze po-le-ce-nie oraz do-da-jc \T1/S
ourceCodePro-TLF/m/n/10.95 pgtrig-ger \T1/pplx/m/n/10.95 (-20) do \T1/pplx/b/n/
10.95 IN-STAL-LED_APPS
 []


Package hyperref Warning: Token not allowed in a PDF string (Unicode):
(hyperref)                \kern 2.73749pt
(hyperref)                removed on input line 1281.

[48]

Package hyperref Warning: Token not allowed in a PDF string (Unicode):
(hyperref)                \kern 2.73749pt
(hyperref)                removed on input line 1309.

[49]

Package hyperref Warning: Token not allowed in a PDF string (Unicode):
(hyperref)                \kern 2.73749pt
(hyperref)                removed on input line 1348.


Package hyperref Warning: Token not allowed in a PDF string (Unicode):
(hyperref)                \kern 2.73749pt
(hyperref)                removed on input line 1367.

[50]

Package hyperref Warning: Token not allowed in a PDF string (Unicode):
(hyperref)                \kern 3.5pt
(hyperref)                removed on input line 1398.

[51]

Package hyperref Warning: Token not allowed in a PDF string (Unicode):
(hyperref)                \kern 3.5pt
(hyperref)                removed on input line 1403.

LaTeX Font Info:    Font shape `U/msa/m/n' will be
(Font)              scaled to size 9.37807pt on input line 1405.
LaTeX Font Info:    Font shape `U/msa/m/n' will be
(Font)              scaled to size 7.29405pt on input line 1405.
LaTeX Font Info:    Font shape `U/msa/m/n' will be
(Font)              scaled to size 5.21004pt on input line 1405.
LaTeX Font Info:    Font shape `U/msb/m/n' will be
(Font)              scaled to size 9.37807pt on input line 1405.
LaTeX Font Info:    Font shape `U/msb/m/n' will be
(Font)              scaled to size 7.29405pt on input line 1405.
LaTeX Font Info:    Font shape `U/msb/m/n' will be
(Font)              scaled to size 5.21004pt on input line 1405.

Underfull \hbox (badness 10000) in paragraph at lines 1405--1407

 []

<statystyki react vue angular.png, id=1035, 973.38657pt x 534.49687pt>
File: statystyki react vue angular.png Graphic file (type png)
<use statystyki react vue angular.png>
Package pdftex.def Info: statystyki react vue angular.png  used on input line 1
412.
(pdftex.def)             Requested size: 398.33858pt x 218.72919pt.

Overfull \hbox (14.22636pt too wide) in paragraph at lines 1412--1413
 [][] 
 []


Package hyperref Warning: Token not allowed in a PDF string (Unicode):
(hyperref)                \kern 3.5pt
(hyperref)                removed on input line 1419.

[52

]
<react dev example.jpg, id=1043, 481.8pt x 301.125pt>
File: react dev example.jpg Graphic file (type jpg)
<use react dev example.jpg>
Package pdftex.def Info: react dev example.jpg  used on input line 1427.
(pdftex.def)             Requested size: 369.88582pt x 231.18692pt.

Overfull \hbox (37.48099pt too wide) in paragraph at lines 1431--1431
 \T1/SourceCodePro-TLF/m/n/10.95 GhS5JaH1p5pPBIUpj22mjNRNdR3Ana8FKz4B7JwsA6HIFV
XGuU7pa4ELiW6iUNhs0Iyg = 
 []

[53 <./statystyki react vue angular.png>]

Package hyperref Warning: Token not allowed in a PDF string (Unicode):
(hyperref)                \kern 3.5pt
(hyperref)                removed on input line 1444.


Underfull \hbox (badness 10000) in paragraph at lines 1446--1458

 []

[54 <./react dev example.jpg>]

Package hyperref Warning: Token not allowed in a PDF string (Unicode):
(hyperref)                \kern 3.5pt
(hyperref)                removed on input line 1467.


Package hyperref Warning: Token not allowed in a PDF string (Unicode):
(hyperref)                \kern 2.73749pt
(hyperref)                removed on input line 1472.


Overfull \hbox (15.74791pt too wide) in paragraph at lines 1484--1485
[][][][][][][][][][][][][][][][][][][][][][][][][][][][][][][][][][][][][][][][
][][]  
 []

[55]
Overfull \hbox (65.96793pt too wide) in paragraph at lines 1508--1509
[][][][][][][][][][][][][][][][][][][][][][][][][][][][][][][][][][][][][][][][
][][]  
 []


Overfull \hbox (43.64792pt too wide) in paragraph at lines 1510--1511
[][][][][][][][][][][][][][][][][][][][][][][][][][][][][][][][][][][][][][][][
]  
 []


Overfull \hbox (4.5879pt too wide) in paragraph at lines 1520--1521
[][][][][][][][][][][][][][][][][][][][][][][][]  
 []


Overfull \hbox (43.64792pt too wide) in paragraph at lines 1525--1526
[][][][][][][][][][][][][][][][][][][][][][][][][][][][][][]  
 []


Package hyperref Warning: Token not allowed in a PDF string (Unicode):
(hyperref)                \kern 2.73749pt
(hyperref)                removed on input line 1542.

[56]

Package hyperref Warning: Token not allowed in a PDF string (Unicode):
(hyperref)                \kern 2.73749pt
(hyperref)                removed on input line 1577.

[57]
<diagram metod cyklu ycia.png, id=1126, 887.56593pt x 330.48468pt>
File: diagram metod cyklu ycia.png Graphic file (type png)
<use diagram metod cyklu ycia.png>
Package pdftex.def Info: diagram metod cyklu ycia.png  used on input line 158
9.
(pdftex.def)             Requested size: 369.88582pt x 137.72346pt.

Underfull \hbox (badness 10000) in paragraph at lines 1596--1601

 []

[58 <./diagram metod cyklu ycia.png>]

Package hyperref Warning: Token not allowed in a PDF string (Unicode):
(hyperref)                \kern 2.73749pt
(hyperref)                removed on input line 1630.


Overfull \hbox (4.5879pt too wide) in paragraph at lines 1639--1640
[][][][][][][][][][][][][][][][][][][][][][][][][][][][][][][][][][][][][][][][
]  
 []

[59] [60]

Package hyperref Warning: Token not allowed in a PDF string (Unicode):
(hyperref)                \kern 2.73749pt
(hyperref)                removed on input line 1683.

[61]

Package hyperref Warning: Token not allowed in a PDF string (Unicode):
(hyperref)                \kern 2.73749pt
(hyperref)                removed on input line 1747.

[62]

Package hyperref Warning: Token not allowed in a PDF string (Unicode):
(hyperref)                \kern 3.5pt
(hyperref)                removed on input line 1791.


Overfull \vbox (6.092pt too high) detected at line 1791
 []


Package hyperref Warning: Token not allowed in a PDF string (Unicode):
(hyperref)                \kern 2.73749pt
(hyperref)                removed on input line 1800.

<promises.png, id=1227, 603.0028pt x 223.58531pt>
File: promises.png Graphic file (type png)
<use promises.png>
Package pdftex.def Info: promises.png  used on input line 1805.
(pdftex.def)             Requested size: 369.88582pt x 137.14761pt.
[63] [64 <./promises.png>]
Overfull \hbox (4.5879pt too wide) in paragraph at lines 1844--1845
[][][][][][][][][][][][][][][][][][][][][][][][][][][][][][][][][][][][][][][][
]  
 []


Overfull \hbox (65.96793pt too wide) in paragraph at lines 1863--1864
[][][][][][][][][][][][][][][][][][][][][][][][][][][][][][][][][][][][][][][][
][][][][][][][][][][][][]  
 []

[65]

Package hyperref Warning: Token not allowed in a PDF string (Unicode):
(hyperref)                \kern 2.73749pt
(hyperref)                removed on input line 1889.


Overfull \hbox (32.48792pt too wide) in paragraph at lines 1900--1901
[][][][][][][][][][][][][][][][][][][][][][][][][][][][][][][][][][][][][][][][
][][][][][][][][][][][][][][]  
 []


Overfull \hbox (21.32791pt too wide) in paragraph at lines 1903--1904
[][][][][][][][][][][][][][][][][][][][][][][][][][][][][][][][][][][][][][][][
][][][][][][][][][][][][][][]  
 []


Overfull \hbox (32.48792pt too wide) in paragraph at lines 1904--1905
[][][][][][][][][][][][][][][][][][][][][][][][][][][][][][][][][][][][][][][][
][][][][][][][][][][][][][][]  
 []


Package hyperref Warning: Token not allowed in a PDF string (Unicode):
(hyperref)                \kern 2.73749pt
(hyperref)                removed on input line 1918.

[66] [67]
Overfull \hbox (26.90791pt too wide) in paragraph at lines 1981--1982
[][][][][][][][][][][][][][][][][][][][][][][][][][][][][][][][][][][][][][][][
][][][][][][]  
 []

[68]

Package hyperref Warning: Token not allowed in a PDF string (Unicode):
(hyperref)                \kern 3.5pt
(hyperref)                removed on input line 2033.


Underfull \hbox (badness 10000) in paragraph at lines 2034--2042

 []

[69]
Overfull \hbox (60.38792pt too wide) in paragraph at lines 2057--2058
[][][][][][][][][][][][][][][][][][][][][][][][][][][][][][][][][][][][][][][][
][][][][]  
 []

[70] [71] [72]

Package hyperref Warning: Token not allowed in a PDF string (Unicode):
(hyperref)                \kern 3.5pt
(hyperref)                removed on input line 2143.

[73]
Package microtype Info: Character `029' is missing
(microtype)             in font `T1/pplx/m/sc/10.95'.
(microtype)             Ignoring protrusion settings for this character.

Overfull \hbox (10.62823pt too wide) in paragraph at lines 2152--2152
[]$\T1/SourceCodePro-TLF/m/n/10.95 https : / / towardsdatascience . com / data 
-[] engineering -[] with -[] python -[]
 []


Overfull \hbox (23.29234pt too wide) in paragraph at lines 2152--2152
[]$\T1/SourceCodePro-TLF/m/n/10.95 https : / / en . wikibooks . org / wiki / La
TeX / Generating _ Bibliographies _
 []


Overfull \hbox (4.74706pt too wide) in paragraph at lines 2152--2152
[]\T1/pplx/m/it/10.95 (-20) Oficjalna do-ku-men-ta-cja django-pghistory\T1/pplx
/m/n/10.95 (-20) . Wes Ken-dall. \T1/pplx/m/sc/10.95 (-20) url\T1/pplx/m/n/10.9
5 (-20) : []$\T1/SourceCodePro-TLF/m/n/10.95 https : / / django -[]
 []

[74

]
Overfull \hbox (4.15683pt too wide) in paragraph at lines 2152--2152
[]\T1/pplx/m/it/10.95 (-20) Oficjalna do-ku-men-ta-cja django-pgtrigger\T1/pplx
/m/n/10.95 (-20) . Wes Ken-dall. \T1/pplx/m/sc/10.95 (-20) url\T1/pplx/m/n/10.9
5 (-20) : []$\T1/SourceCodePro-TLF/m/n/10.95 https : / / django -[]
 []


Overfull \hbox (20.27103pt too wide) in paragraph at lines 2152--2152
\T1/SourceCodePro-TLF/m/n/10.95 pgtrigger . readthedocs . io / en / latest / to
c . html$[] \T1/pplx/m/n/10.95 (-20) (term. wiz. 03.06.2021). 
 []


Overfull \hbox (12.26997pt too wide) in paragraph at lines 2152--2152
\T1/pplx/m/n/10.95 (-20) Gro-up. \T1/pplx/m/sc/10.95 (-20) url\T1/pplx/m/n/10.9
5 (-20) : []$\T1/SourceCodePro-TLF/m/n/10.95 https : / / www . postgresql . org
 / docs/$[] \T1/pplx/m/n/10.95 (-20) (term. wiz. 13.05.2021). 
 []


Overfull \hbox (15.41899pt too wide) in paragraph at lines 2152--2152
[]\T1/pplx/m/it/10.95 (-20) REST API od pod-staw\T1/pplx/m/n/10.95 (-20) . Grze
-gorz Kwa-niew-ski. \T1/pplx/m/sc/10.95 (-20) url\T1/pplx/m/n/10.95 (-20) : []
$\T1/SourceCodePro-TLF/m/n/10.95 https : / / www . devmobile .
 []

[75] (pracainz2.aux)
Package rerunfilecheck Info: File `pracainz2.out' has not changed.
(rerunfilecheck)             Checksum: FA4DBBC07EFD3BBD9ED9DB10C997AA43;14041.


LaTeX Warning: There were undefined references.


LaTeX Warning: There were multiply-defined labels.


Package biblatex Warning: Please (re)run Biber on the file:
(biblatex)                pracainz2
(biblatex)                and rerun LaTeX afterwards.

Package logreq Info: Writing requests to 'pracainz2.run.xml'.
\openout1 = `pracainz2.run.xml'.

 ) 
Here is how much of TeX's memory you used:
 27931 strings out of 479799
 455131 string characters out of 2869247
 1458826 words of memory out of 3000000
 43291 multiletter control sequences out of 15000+200000
 609386 words of font info for 332 fonts, out of 3000000 for 9000
 1141 hyphenation exceptions out of 8191
 81i,12n,128p,1343b,2080s stack positions out of 5000i,500n,10000p,200000b,50000s
{C:/Users/Damian/AppData/Local/Programs/MiKTeX/fonts/enc/dvips/sourcecodepro/
a_lutrty.enc}{C:/Users/Damian/AppData/Local/Programs/MiKTeX/fonts/enc/dvips/bas
e/8r.enc}<C:/Users/Damian/AppData/Local/Programs/MiKTeX/fonts/type1/adobe/sourc
ecodepro/SourceCodePro-It.pfb><C:/Users/Damian/AppData/Local/Programs/MiKTeX/fo
nts/type1/adobe/sourcecodepro/SourceCodePro-Regular.pfb><C:/Users/Damian/AppDat
a/Local/Programs/MiKTeX/fonts/type1/adobe/sourcecodepro/SourceCodePro-Semibold.
pfb><C:/Users/Damian/AppData/Local/Programs/MiKTeX/fonts/type1/public/fpl/fplrc
8a.pfb><C:/Users/Damian/AppData/Local/Programs/MiKTeX/fonts/type1/urw/palatino/
uplb8a.pfb><C:/Users/Damian/AppData/Local/Programs/MiKTeX/fonts/type1/urw/palat
ino/uplr8a.pfb><C:/Users/Damian/AppData/Local/Programs/MiKTeX/fonts/type1/urw/p
alatino/uplri8a.pfb>
Output written on pracainz2.pdf (75 pages, 1068316 bytes).
PDF statistics:
 1794 PDF objects out of 2073 (max. 8388607)
 933 named destinations out of 1000 (max. 500000)
 51375 words of extra memory for PDF output out of 51595 (max. 10000000)

